\BOOKMARK [0][-]{chapter.1}{\376\377\000E\000i\000n\000f\000\374\000h\000r\000u\000n\000g}{}% 1
\BOOKMARK [1][-]{section.1.1}{\376\377\000N\000e\000w\000t\000o\000n\000s\000c\000h\000e\000\040\000M\000e\000c\000h\000a\000n\000i\000k\000\040\000u\000n\000d\000\040\000G\000r\000a\000v\000i\000t\000a\000t\000i\000o\000n\000s\000p\000h\000y\000s\000i\000k}{chapter.1}% 2
\BOOKMARK [2][-]{subsection.1.1.1}{\376\377\000I\000n\000e\000r\000t\000i\000a\000l\000s\000y\000s\000t\000e\000m\000,\000\040\000G\000a\000l\000i\000l\000e\000i\000-\000T\000r\000a\000n\000s\000f\000o\000r\000m\000a\000t\000i\000o\000n\000\040\000u\000n\000d\000\040\000G\000a\000l\000i\000l\000e\000i\000s\000c\000h\000e\000s\000\040\000R\000e\000l\000a\000t\000i\000v\000i\000t\000\344\000t\000s\000p\000r\000i\000n\000z\000i\000p\000\040\000\050\000n\000i\000c\000h\000t\000\040\000T\000e\000i\000l\000\040\000d\000e\000r\000\040\000V\000O\000\051}{section.1.1}% 3
\BOOKMARK [2][-]{subsection.1.1.2}{\376\377\000s\000p\000e\000z\000i\000e\000l\000l\000e\000\040\000R\000e\000l\000a\000t\000i\000v\000i\000t\000\344\000t\000s\000t\000h\000e\000o\000r\000i\000e\000\040\000i\000m\000\040\000\334\000b\000e\000r\000b\000l\000i\000c\000k\000\040\000\050\000n\000i\000c\000h\000t\000\040\000T\000e\000i\000l\000\040\000d\000e\000r\000\040\000V\000O\000\051}{section.1.1}% 4
\BOOKMARK [1][-]{section.1.2}{\376\377\000G\000e\000r\000a\000d\000e\000n\000\040\000i\000n\000\040\000g\000e\000k\000r\000\374\000m\000m\000t\000e\000n\000\040\000R\000\344\000u\000m\000e\000n}{chapter.1}% 5
\BOOKMARK [1][-]{section.1.3}{\376\377\000N\000e\000w\000t\000o\000n\000\040\000u\000n\000d\000\040\000E\000i\000n\000s\000t\000e\000i\000n\000\040\000i\000m\000\040\000V\000e\000r\000g\000l\000e\000i\000c\000h}{chapter.1}% 6
\BOOKMARK [2][-]{subsection.1.3.1}{\376\377\000\334\000b\000e\000r\000g\000a\000n\000g\000\040\000z\000u\000\040\000a\000l\000l\000g\000e\000m\000e\000i\000n\000e\000r\000\040\000R\000e\000l\000a\000t\000i\000v\000i\000t\000\344\000t\000s\000t\000h\000e\000o\000r\000i\000e\000\040\000\050\000n\000i\000c\000h\000t\000\040\000T\000e\000i\000l\000\040\000d\000e\000r\000\040\000V\000O\000\051}{section.1.3}% 7
\BOOKMARK [0][-]{chapter.2}{\376\377\000M\000i\000n\000k\000o\000w\000s\000k\000i\000-\000G\000e\000o\000m\000e\000t\000r\000i\000e\000\040\000u\000n\000d\000\040\000S\000R\000T}{}% 8
\BOOKMARK [1][-]{section.2.1}{\376\377\000D\000e\000r\000\040\000M\000i\000n\000k\000o\000w\000s\000k\000i\000-\000R\000a\000u\000m}{chapter.2}% 9
\BOOKMARK [2][-]{subsection.2.1.1}{\376\377\000W\000e\000l\000t\000l\000i\000n\000i\000e\000n\000\040\000u\000n\000d\000\040\000G\000l\000e\000i\000c\000h\000z\000e\000i\000t\000i\000g\000k\000e\000i\000t}{section.2.1}% 10
\BOOKMARK [1][-]{section.2.2}{\376\377\000L\000o\000r\000e\000n\000t\000z\000t\000r\000a\000n\000s\000f\000o\000r\000m\000a\000t\000i\000o\000n}{chapter.2}% 11
\BOOKMARK [2][-]{subsection.2.2.1}{\376\377\000G\000l\000e\000i\000c\000h\000z\000e\000i\000t\000i\000g\000k\000e\000i\000t\000,\000\040\000Z\000e\000i\000t\000d\000i\000l\000a\000t\000a\000t\000i\000o\000n\000\040\000u\000n\000d\000\040\000L\000\344\000n\000g\000e\000n\000k\000o\000n\000t\000r\000a\000k\000t\000i\000o\000n}{section.2.2}% 12
\BOOKMARK [2][-]{subsection.2.2.2}{\376\377\000E\000i\000n\000h\000e\000i\000t\000e\000n\000\040\000u\000n\000d\000\040\000e\000i\000n\000s\000t\000e\000i\000n\000s\000c\000h\000e\000\040\000S\000u\000m\000m\000e\000n\000k\000o\000n\000v\000e\000n\000t\000i\000o\000n}{section.2.2}% 13
\BOOKMARK [2][-]{subsection.2.2.3}{\376\377\000H\000e\000r\000l\000e\000i\000t\000u\000n\000g\000\040\000g\000e\000n\000e\000r\000e\000l\000l\000e\000\040\000L\000o\000r\000e\000n\000t\000z\000t\000r\000a\000n\000s\000f\000o\000r\000m\000a\000t\000i\000o\000n}{section.2.2}% 14
\BOOKMARK [1][-]{section.2.3}{\376\377\000M\000i\000n\000k\000o\000w\000s\000k\000i\000-\000M\000e\000t\000r\000i\000k\000\040\000u\000n\000d\000\040\000R\000a\000u\000m\000z\000e\000i\000t\000a\000b\000s\000t\000a\000n\000d}{chapter.2}% 15
\BOOKMARK [0][-]{chapter.3}{\376\377\000M\000u\000l\000t\000i\000l\000i\000n\000e\000a\000r\000e\000\040\000A\000l\000g\000e\000b\000r\000a}{}% 16
\BOOKMARK [1][-]{section.3.1}{\376\377\000V\000e\000k\000t\000o\000r\000r\000\344\000u\000m\000e}{chapter.3}% 17
\BOOKMARK [2][-]{subsection.3.1.1}{\376\377\000L\000i\000n\000e\000a\000r\000k\000o\000m\000b\000i\000n\000a\000t\000i\000o\000n\000\040\000u\000n\000d\000\040\000l\000i\000n\000e\000a\000r\000e\000\040\000U\000n\000a\000b\000h\000\344\000n\000g\000i\000g\000k\000e\000i\000t}{section.3.1}% 18
\BOOKMARK [2][-]{subsection.3.1.2}{\376\377\000B\000a\000s\000i\000s\000\040\000e\000i\000n\000e\000s\000\040\000V\000e\000k\000t\000o\000r\000r\000a\000u\000m\000s}{section.3.1}% 19
\BOOKMARK [1][-]{section.3.2}{\376\377\000D\000u\000a\000l\000r\000a\000u\000m}{chapter.3}% 20
\BOOKMARK [2][-]{subsection.3.2.1}{\376\377\000B\000a\000s\000i\000s\000\040\000d\000e\000s\000\040\000D\000u\000a\000l\000r\000a\000u\000m\000s}{section.3.2}% 21
\BOOKMARK [1][-]{section.3.3}{\376\377\000B\000i\000l\000i\000n\000e\000a\000r\000e\000\040\000A\000b\000b\000i\000l\000d\000u\000n\000g\000e\000n}{chapter.3}% 22
\BOOKMARK [1][-]{section.3.4}{\376\377\000M\000u\000l\000t\000i\000l\000i\000n\000e\000a\000r\000e\000\040\000A\000b\000b\000i\000l\000d\000u\000n\000g\000e\000n}{chapter.3}% 23
\BOOKMARK [1][-]{section.3.5}{\376\377\000D\000o\000p\000p\000e\000l\000d\000u\000a\000l\000r\000a\000u\000m}{chapter.3}% 24
\BOOKMARK [1][-]{section.3.6}{\376\377\000G\000e\000m\000i\000s\000c\000h\000t\000e\000\040\000m\000u\000l\000t\000i\000l\000i\000n\000e\000a\000r\000e\000\040\000A\000b\000b\000i\000l\000d\000u\000n\000g\000e\000n}{chapter.3}% 25
\BOOKMARK [1][-]{section.3.7}{\376\377\000B\000a\000s\000i\000s\000-\000\040\000u\000n\000d\000\040\000K\000o\000o\000r\000d\000i\000n\000a\000t\000e\000n\000t\000r\000a\000n\000s\000f\000o\000r\000m\000a\000t\000i\000o\000n\000e\000n}{chapter.3}% 26
\BOOKMARK [1][-]{section.3.8}{\376\377\000A\000b\000s\000t\000r\000a\000k\000t\000e\000\040\000I\000n\000d\000e\000x\000s\000c\000h\000r\000e\000i\000b\000w\000e\000i\000s\000e}{chapter.3}% 27
\BOOKMARK [0][-]{chapter.4}{\376\377\000T\000o\000p\000o\000l\000o\000g\000i\000e}{}% 28
\BOOKMARK [1][-]{section.4.1}{\376\377\000D\000e\000r\000\040\000B\000e\000g\000r\000i\000f\000f\000\040\000d\000e\000r\000\040\000T\000o\000p\000o\000l\000o\000g\000i\000e}{chapter.4}% 29
\BOOKMARK [1][-]{section.4.2}{\376\377\000K\000o\000n\000v\000e\000r\000g\000e\000n\000z\000\040\000e\000i\000n\000e\000r\000\040\000F\000o\000l\000g\000e}{chapter.4}% 30
\BOOKMARK [1][-]{section.4.3}{\376\377\000S\000t\000e\000t\000i\000g\000k\000e\000i\000t}{chapter.4}% 31
\BOOKMARK [1][-]{section.4.4}{\376\377\000T\000o\000p\000o\000l\000o\000g\000i\000s\000i\000e\000r\000e\000n\000\040\000v\000o\000n\000\040\000R\000\344\000u\000m\000e\000n}{chapter.4}% 32
\BOOKMARK [1][-]{section.4.5}{\376\377\000S\000p\000u\000r\000t\000o\000p\000o\000l\000o\000g\000i\000e\000\040\000\050\000T\000e\000i\000l\000m\000e\000n\000g\000e\000n\000t\000o\000p\000o\000l\000o\000g\000i\000e\000\051}{chapter.4}% 33
\BOOKMARK [1][-]{section.4.6}{\376\377\000H\000o\000m\000\366\000o\000m\000o\000r\000p\000h\000i\000s\000m\000e\000n}{chapter.4}% 34
\BOOKMARK [1][-]{section.4.7}{\376\377\000T\000r\000e\000n\000n\000u\000n\000g\000s\000a\000x\000i\000o\000m\000e}{chapter.4}% 35
\BOOKMARK [1][-]{section.4.8}{\376\377\000D\000i\000e\000\040\000E\000u\000k\000l\000i\000d\000i\000s\000c\000h\000e\000\040\000T\000o\000p\000o\000l\000o\000g\000i\000e}{chapter.4}% 36
\BOOKMARK [1][-]{section.4.9}{\376\377\000K\000o\000m\000p\000a\000k\000t\000h\000e\000i\000t\000\040\000u\000n\000d\000\040\000P\000a\000r\000a\000k\000o\000m\000p\000a\000k\000t\000h\000e\000i\000t}{chapter.4}% 37
\BOOKMARK [0][-]{chapter.5}{\376\377\000M\000a\000n\000n\000i\000g\000f\000a\000l\000t\000i\000g\000k\000e\000i\000t\000e\000n}{}% 38
\BOOKMARK [1][-]{section.5.1}{\376\377\000D\000e\000r\000\040\000B\000e\000g\000r\000i\000f\000f\000\040\000d\000e\000r\000\040\000M\000a\000n\000n\000i\000g\000f\000a\000l\000t\000i\000g\000k\000e\000i\000t}{chapter.5}% 39
\BOOKMARK [1][-]{section.5.2}{\376\377\000K\000a\000r\000t\000e\000n\000w\000e\000c\000h\000s\000e\000l\000\040\000u\000n\000d\000\040\000A\000t\000l\000a\000s}{chapter.5}% 40
\BOOKMARK [1][-]{section.5.3}{\376\377\000S\000k\000a\000l\000a\000r\000f\000e\000l\000d\000e\000r\000\040\000a\000u\000f\000\040\000M\000a\000n\000n\000i\000g\000f\000a\000l\000t\000i\000g\000k\000e\000i\000t\000e\000n}{chapter.5}% 41
\BOOKMARK [1][-]{section.5.4}{\376\377\000V\000e\000k\000t\000o\000r\000e\000n\000\040\000a\000u\000f\000\040\000M\000a\000n\000n\000i\000g\000f\000a\000l\000t\000i\000g\000k\000e\000i\000t\000e\000n}{chapter.5}% 42
\BOOKMARK [0][-]{chapter.6}{\376\377\000D\000i\000f\000f\000e\000r\000e\000n\000t\000i\000a\000l\000g\000e\000o\000m\000e\000t\000r\000i\000e\000\040\000u\000n\000d\000\040\000E\000i\000n\000s\000t\000e\000i\000n\000g\000l\000e\000i\000c\000h\000u\000n\000g\000e\000n}{}% 43
\BOOKMARK [1][-]{section.6.1}{\376\377\000K\000o\000v\000a\000r\000i\000a\000n\000t\000e\000\040\000A\000b\000l\000e\000i\000t\000u\000n\000g}{chapter.6}% 44
\BOOKMARK [1][-]{section.6.2}{\376\377\000R\000i\000e\000m\000a\000n\000n\000t\000e\000n\000s\000o\000r}{chapter.6}% 45
\BOOKMARK [1][-]{section.6.3}{\376\377\000P\000a\000r\000a\000l\000l\000e\000l\000v\000e\000r\000s\000c\000h\000i\000e\000b\000u\000n\000g}{chapter.6}% 46
\BOOKMARK [1][-]{section.6.4}{\376\377\000M\000e\000t\000r\000i\000k}{chapter.6}% 47
\BOOKMARK [1][-]{section.6.5}{\376\377\000N\000e\000w\000t\000o\000n\000-\000D\000e\000v\000i\000a\000t\000i\000o\000n\000s\000g\000l\000e\000i\000c\000h\000u\000n\000g}{chapter.6}% 48
\BOOKMARK [1][-]{section.6.6}{\376\377\000L\000i\000e\000-\000A\000b\000l\000e\000i\000t\000u\000n\000g}{chapter.6}% 49
\BOOKMARK [1][-]{section.6.7}{\376\377\000G\000e\000o\000d\000\344\000t\000i\000s\000c\000h\000e\000\040\000D\000e\000v\000i\000a\000t\000i\000o\000n\000s\000g\000l\000e\000i\000c\000h\000u\000n\000g}{chapter.6}% 50
\BOOKMARK [1][-]{section.6.8}{\376\377\000E\000i\000n\000s\000t\000e\000i\000n\000g\000l\000e\000i\000c\000h\000u\000n\000g}{chapter.6}% 51
