This is pdfTeX, Version 3.141592653-2.6-1.40.26 (TeX Live 2024) (preloaded format=pdflatex 2025.1.11)  15 DEC 2025 17:28
entering extended mode
 restricted \write18 enabled.
 file:line:error style messages enabled.
 %&-line parsing enabled.
**"f:/Studium/Master/4_Einf. i. d. Allgemeine Relativitätstheorie/latex/WS25-ART-Mitschrift.tex"
(f:/Studium/Master/4_Einf. i. d. Allgemeine Relativitätstheorie/latex/WS25-ART-Mitschrift.tex
LaTeX2e <2024-11-01> patch level 1
L3 programming layer <2024-12-25>
(c:/texlive/2024/texmf-dist/tex/latex/base/book.cls
Document Class: book 2024/06/29 v1.4n Standard LaTeX document class
(c:/texlive/2024/texmf-dist/tex/latex/base/bk11.clo
File: bk11.clo 2024/06/29 v1.4n Standard LaTeX file (size option)
)
\c@part=\count196
\c@chapter=\count197
\c@section=\count198
\c@subsection=\count199
\c@subsubsection=\count266
\c@paragraph=\count267
\c@subparagraph=\count268
\c@figure=\count269
\c@table=\count270
\abovecaptionskip=\skip49
\belowcaptionskip=\skip50
\bibindent=\dimen141
) (c:/texlive/2024/texmf-dist/tex/generic/babel/babel.sty
Package: babel 2025/01/01 v25.1 The multilingual framework for pdfLaTeX, LuaLaTeX and XeLaTeX
\babel@savecnt=\count271
\U@D=\dimen142
\l@unhyphenated=\language89
 (c:/texlive/2024/texmf-dist/tex/generic/babel/txtbabel.def)
\bbl@readstream=\read2
\bbl@dirlevel=\count272
 (c:/texlive/2024/texmf-dist/tex/generic/babel-german/ngerman.ldf
Language: ngerman 2024/12/10 v2.15 German support for babel (post-1996 orthography)
 (c:/texlive/2024/texmf-dist/tex/generic/babel-german/ngermanb.ldf
Language: ngermanb 2024/12/10 v2.15 German support for babel (post-1996 orthography)
Package babel Info: Making " an active character on input line 122.
))) (c:/texlive/2024/texmf-dist/tex/generic/babel/locale/de/babel-ngerman.tex
Package babel Info: Importing font and identification data for ngerman
(babel)             from babel-de.ini. Reported on input line 11.
) (c:/texlive/2024/texmf-dist/tex/latex/base/fontenc.sty
Package: fontenc 2021/04/29 v2.0v Standard LaTeX package
) (c:/texlive/2024/texmf-dist/tex/latex/base/inputenc.sty
Package: inputenc 2024/02/08 v1.3d Input encoding file
\inpenc@prehook=\toks17
\inpenc@posthook=\toks18
) (c:/texlive/2024/texmf-dist/tex/latex/lm/lmodern.sty
Package: lmodern 2015/05/01 v1.6.1 Latin Modern Fonts
LaTeX Font Info:    Overwriting symbol font `operators' in version `normal'
(Font)                  OT1/cmr/m/n --> OT1/lmr/m/n on input line 22.
LaTeX Font Info:    Overwriting symbol font `letters' in version `normal'
(Font)                  OML/cmm/m/it --> OML/lmm/m/it on input line 23.
LaTeX Font Info:    Overwriting symbol font `symbols' in version `normal'
(Font)                  OMS/cmsy/m/n --> OMS/lmsy/m/n on input line 24.
LaTeX Font Info:    Overwriting symbol font `largesymbols' in version `normal'
(Font)                  OMX/cmex/m/n --> OMX/lmex/m/n on input line 25.
LaTeX Font Info:    Overwriting symbol font `operators' in version `bold'
(Font)                  OT1/cmr/bx/n --> OT1/lmr/bx/n on input line 26.
LaTeX Font Info:    Overwriting symbol font `letters' in version `bold'
(Font)                  OML/cmm/b/it --> OML/lmm/b/it on input line 27.
LaTeX Font Info:    Overwriting symbol font `symbols' in version `bold'
(Font)                  OMS/cmsy/b/n --> OMS/lmsy/b/n on input line 28.
LaTeX Font Info:    Overwriting symbol font `largesymbols' in version `bold'
(Font)                  OMX/cmex/m/n --> OMX/lmex/m/n on input line 29.
LaTeX Font Info:    Overwriting math alphabet `\mathbf' in version `normal'
(Font)                  OT1/cmr/bx/n --> OT1/lmr/bx/n on input line 31.
LaTeX Font Info:    Overwriting math alphabet `\mathsf' in version `normal'
(Font)                  OT1/cmss/m/n --> OT1/lmss/m/n on input line 32.
LaTeX Font Info:    Overwriting math alphabet `\mathit' in version `normal'
(Font)                  OT1/cmr/m/it --> OT1/lmr/m/it on input line 33.
LaTeX Font Info:    Overwriting math alphabet `\mathtt' in version `normal'
(Font)                  OT1/cmtt/m/n --> OT1/lmtt/m/n on input line 34.
LaTeX Font Info:    Overwriting math alphabet `\mathbf' in version `bold'
(Font)                  OT1/cmr/bx/n --> OT1/lmr/bx/n on input line 35.
LaTeX Font Info:    Overwriting math alphabet `\mathsf' in version `bold'
(Font)                  OT1/cmss/bx/n --> OT1/lmss/bx/n on input line 36.
LaTeX Font Info:    Overwriting math alphabet `\mathit' in version `bold'
(Font)                  OT1/cmr/bx/it --> OT1/lmr/bx/it on input line 37.
LaTeX Font Info:    Overwriting math alphabet `\mathtt' in version `bold'
(Font)                  OT1/cmtt/m/n --> OT1/lmtt/m/n on input line 38.
) (c:/texlive/2024/texmf-dist/tex/latex/newtx/newtxmath.sty
Package: newtxmath 2024/09/22 v1.754
 `newtxmath' v1.754, 2024/09/22 Math macros based originally on txfonts (msharpe) (c:/texlive/2024/texmf-dist/tex/latex/amsmath/amsmath.sty
Package: amsmath 2024/11/05 v2.17t AMS math features
\@mathmargin=\skip51

For additional information on amsmath, use the `?' option.
(c:/texlive/2024/texmf-dist/tex/latex/amsmath/amstext.sty
Package: amstext 2021/08/26 v2.01 AMS text
 (c:/texlive/2024/texmf-dist/tex/latex/amsmath/amsgen.sty
File: amsgen.sty 1999/11/30 v2.0 generic functions
\@emptytoks=\toks19
\ex@=\dimen143
)) (c:/texlive/2024/texmf-dist/tex/latex/amsmath/amsbsy.sty
Package: amsbsy 1999/11/29 v1.2d Bold Symbols
\pmbraise@=\dimen144
) (c:/texlive/2024/texmf-dist/tex/latex/amsmath/amsopn.sty
Package: amsopn 2022/04/08 v2.04 operator names
)
\inf@bad=\count273
LaTeX Info: Redefining \frac on input line 233.
\uproot@=\count274
\leftroot@=\count275
LaTeX Info: Redefining \overline on input line 398.
LaTeX Info: Redefining \colon on input line 409.
\classnum@=\count276
\DOTSCASE@=\count277
LaTeX Info: Redefining \ldots on input line 495.
LaTeX Info: Redefining \dots on input line 498.
LaTeX Info: Redefining \cdots on input line 619.
\Mathstrutbox@=\box52
\strutbox@=\box53
LaTeX Info: Redefining \big on input line 721.
LaTeX Info: Redefining \Big on input line 722.
LaTeX Info: Redefining \bigg on input line 723.
LaTeX Info: Redefining \Bigg on input line 724.
\big@size=\dimen145
LaTeX Font Info:    Redeclaring font encoding OML on input line 742.
LaTeX Font Info:    Redeclaring font encoding OMS on input line 743.
\macc@depth=\count278
LaTeX Info: Redefining \bmod on input line 904.
LaTeX Info: Redefining \pmod on input line 909.
LaTeX Info: Redefining \smash on input line 939.
LaTeX Info: Redefining \relbar on input line 969.
LaTeX Info: Redefining \Relbar on input line 970.
\c@MaxMatrixCols=\count279
\dotsspace@=\muskip17
\c@parentequation=\count280
\dspbrk@lvl=\count281
\tag@help=\toks20
\row@=\count282
\column@=\count283
\maxfields@=\count284
\andhelp@=\toks21
\eqnshift@=\dimen146
\alignsep@=\dimen147
\tagshift@=\dimen148
\tagwidth@=\dimen149
\totwidth@=\dimen150
\lineht@=\dimen151
\@envbody=\toks22
\multlinegap=\skip52
\multlinetaggap=\skip53
\mathdisplay@stack=\toks23
LaTeX Info: Redefining \[ on input line 2953.
LaTeX Info: Redefining \] on input line 2954.
) (c:/texlive/2024/texmf-dist/tex/latex/base/ifthen.sty
Package: ifthen 2024/03/16 v1.1e Standard LaTeX ifthen package (DPC)
) (c:/texlive/2024/texmf-dist/tex/latex/etoolbox/etoolbox.sty
Package: etoolbox 2020/10/05 v2.5k e-TeX tools for LaTeX (JAW)
\etb@tempcnta=\count285
) (c:/texlive/2024/texmf-dist/tex/generic/iftex/iftex.sty
Package: iftex 2024/12/12 v1.0g TeX engine tests
) (c:/texlive/2024/texmf-dist/tex/latex/xkeyval/xkeyval.sty
Package: xkeyval 2022/06/16 v2.9 package option processing (HA)
 (c:/texlive/2024/texmf-dist/tex/generic/xkeyval/xkeyval.tex (c:/texlive/2024/texmf-dist/tex/generic/xkeyval/xkvutils.tex
\XKV@toks=\toks24
\XKV@tempa@toks=\toks25
 (c:/texlive/2024/texmf-dist/tex/generic/xkeyval/keyval.tex))
\XKV@depth=\count286
File: xkeyval.tex 2014/12/03 v2.7a key=value parser (HA)
)) (c:/texlive/2024/texmf-dist/tex/latex/oberdiek/centernot.sty
Package: centernot 2016/05/16 v1.4 Centers the not symbol horizontally (HO)
)
\tx@cntz=\count287
 (c:/texlive/2024/texmf-dist/tex/generic/kastrup/binhex.tex)
\tx@Isdigit=\count288
\tx@IsAlNum=\count289
\tx@tA=\toks26
\tx@tB=\toks27
\tx@su=\read3

amsthm NOT loaded
LaTeX Font Info:    Redeclaring symbol font `operators' on input line 402.
LaTeX Font Info:    Overwriting symbol font `operators' in version `normal'
(Font)                  OT1/lmr/m/n --> OT1/lmr/m/n on input line 402.
LaTeX Font Info:    Overwriting symbol font `operators' in version `bold'
(Font)                  OT1/lmr/bx/n --> OT1/lmr/m/n on input line 402.
LaTeX Font Info:    Overwriting symbol font `operators' in version `bold'
(Font)                  OT1/lmr/m/n --> OT1/lmr/b/n on input line 403.
LaTeX Font Info:    Redeclaring math alphabet \mathsf on input line 410.
LaTeX Font Info:    Overwriting math alphabet `\mathsf' in version `normal'
(Font)                  OT1/lmss/m/n --> OT1/lmss/m/n on input line 410.
LaTeX Font Info:    Overwriting math alphabet `\mathsf' in version `bold'
(Font)                  OT1/lmss/bx/n --> OT1/lmss/m/n on input line 410.
LaTeX Font Info:    Overwriting math alphabet `\mathsf' in version `bold'
(Font)                  OT1/lmss/m/n --> OT1/lmss/b/n on input line 412.
LaTeX Font Info:    Redeclaring math alphabet \mathit on input line 419.
LaTeX Font Info:    Overwriting math alphabet `\mathit' in version `normal'
(Font)                  OT1/lmr/m/it --> OT1/lmr/m/it on input line 419.
LaTeX Font Info:    Overwriting math alphabet `\mathit' in version `bold'
(Font)                  OT1/lmr/bx/it --> OT1/lmr/m/it on input line 419.
LaTeX Font Info:    Redeclaring math alphabet \mathtt on input line 420.
LaTeX Font Info:    Overwriting math alphabet `\mathtt' in version `normal'
(Font)                  OT1/lmtt/m/n --> T1/lmtt/m/n on input line 420.
LaTeX Font Info:    Overwriting math alphabet `\mathtt' in version `bold'
(Font)                  OT1/lmtt/m/n --> T1/lmtt/m/n on input line 420.
LaTeX Font Info:    Redeclaring math alphabet \mathbf on input line 422.
LaTeX Font Info:    Overwriting math alphabet `\mathbf' in version `normal'
(Font)                  OT1/lmr/bx/n --> OT1/lmr/b/n on input line 422.
LaTeX Font Info:    Overwriting math alphabet `\mathbf' in version `bold'
(Font)                  OT1/lmr/bx/n --> OT1/lmr/b/n on input line 422.
LaTeX Font Info:    Overwriting math alphabet `\mathit' in version `bold'
(Font)                  OT1/lmr/m/it --> OT1/lmr/b/it on input line 423.
LaTeX Font Info:    Overwriting math alphabet `\mathtt' in version `bold'
(Font)                  T1/lmtt/m/n --> T1/lmtt/b/n on input line 426.
LaTeX Font Info:    Redeclaring symbol font `letters' on input line 534.
LaTeX Font Info:    Overwriting symbol font `letters' in version `normal'
(Font)                  OML/lmm/m/it --> OML/ntxmi/m/it on input line 534.
LaTeX Font Info:    Overwriting symbol font `letters' in version `bold'
(Font)                  OML/lmm/b/it --> OML/ntxmi/m/it on input line 534.
LaTeX Font Info:    Overwriting symbol font `letters' in version `bold'
(Font)                  OML/ntxmi/m/it --> OML/ntxmi/b/it on input line 535.
\symlettersA=\mathgroup4
LaTeX Font Info:    Overwriting symbol font `lettersA' in version `bold'
(Font)                  U/ntxmia/m/it --> U/ntxmia/b/it on input line 582.
Now handling font encoding LMS ...
... no UTF-8 mapping file for font encoding LMS
LaTeX Font Info:    Redeclaring symbol font `symbols' on input line 604.
LaTeX Font Info:    Encoding `OMS' has changed to `LMS' for symbol font
(Font)              `symbols' in the math version `normal' on input line 604.
LaTeX Font Info:    Overwriting symbol font `symbols' in version `normal'
(Font)                  OMS/lmsy/m/n --> LMS/ntxsy/m/n on input line 604.
LaTeX Font Info:    Encoding `OMS' has changed to `LMS' for symbol font
(Font)              `symbols' in the math version `bold' on input line 604.
LaTeX Font Info:    Overwriting symbol font `symbols' in version `bold'
(Font)                  OMS/lmsy/b/n --> LMS/ntxsy/m/n on input line 604.
LaTeX Font Info:    Overwriting symbol font `symbols' in version `bold'
(Font)                  LMS/ntxsy/m/n --> LMS/ntxsy/b/n on input line 605.
\symAMSm=\mathgroup5
LaTeX Font Info:    Overwriting symbol font `AMSm' in version `bold'
(Font)                  U/ntxsym/m/n --> U/ntxsym/b/n on input line 630.
\symsymbolsC=\mathgroup6
LaTeX Font Info:    Overwriting symbol font `symbolsC' in version `bold'
(Font)                  U/ntxsyc/m/n --> U/ntxsyc/b/n on input line 651.
Now handling font encoding LMX ...
... no UTF-8 mapping file for font encoding LMX
LaTeX Font Info:    Redeclaring symbol font `largesymbols' on input line 664.
LaTeX Font Info:    Encoding `OMX' has changed to `LMX' for symbol font
(Font)              `largesymbols' in the math version `normal' on input line 664.
LaTeX Font Info:    Overwriting symbol font `largesymbols' in version `normal'
(Font)                  OMX/lmex/m/n --> LMX/ntxexx/m/n on input line 664.
LaTeX Font Info:    Encoding `OMX' has changed to `LMX' for symbol font
(Font)              `largesymbols' in the math version `bold' on input line 664.
LaTeX Font Info:    Overwriting symbol font `largesymbols' in version `bold'
(Font)                  OMX/lmex/m/n --> LMX/ntxexx/m/n on input line 664.
LaTeX Font Info:    Overwriting symbol font `largesymbols' in version `bold'
(Font)                  LMX/ntxexx/m/n --> LMX/ntxexx/b/n on input line 665.
\symlargesymbolsTXA=\mathgroup7
LaTeX Font Info:    Overwriting symbol font `largesymbolsTXA' in version `bold'
(Font)                  U/ntxexa/m/n --> U/ntxexa/b/n on input line 679.
\tx@sbptoks=\toks28
LaTeX Font Info:    Redeclaring math delimiter \lfloor on input line 902.
LaTeX Font Info:    Redeclaring math delimiter \rfloor on input line 903.
LaTeX Font Info:    Redeclaring math delimiter \lceil on input line 904.
LaTeX Font Info:    Redeclaring math delimiter \rceil on input line 905.
LaTeX Font Info:    Redeclaring math delimiter \lbrace on input line 910.
LaTeX Font Info:    Redeclaring math delimiter \rbrace on input line 911.
LaTeX Font Info:    Redeclaring math delimiter \langle on input line 913.
LaTeX Font Info:    Redeclaring math delimiter \rangle on input line 915.
LaTeX Font Info:    Redeclaring math delimiter \arrowvert on input line 919.
LaTeX Font Info:    Redeclaring math delimiter \vert on input line 920.
LaTeX Font Info:    Redeclaring math symbol \hbar on input line 966.
LaTeX Font Info:    Redeclaring math accent \dot on input line 991.
LaTeX Font Info:    Redeclaring math accent \ddot on input line 992.
LaTeX Font Info:    Redeclaring math accent \vec on input line 2057.
LaTeX Info: Redefining \Bbbk on input line 2847.
LaTeX Info: Redefining \not on input line 2995.
) (c:/texlive/2024/texmf-dist/tex/latex/microtype/microtype.sty
Package: microtype 2024/12/12 v3.2 Micro-typographical refinements (RS)
\MT@toks=\toks29
\MT@tempbox=\box54
\MT@count=\count290
LaTeX Info: Redefining \noprotrusionifhmode on input line 1075.
LaTeX Info: Redefining \leftprotrusion on input line 1076.
\MT@prot@toks=\toks30
LaTeX Info: Redefining \rightprotrusion on input line 1095.
LaTeX Info: Redefining \textls on input line 1437.
\MT@outer@kern=\dimen152
LaTeX Info: Redefining \microtypecontext on input line 2041.
LaTeX Info: Redefining \textmicrotypecontext on input line 2058.
\MT@listname@count=\count291
 (c:/texlive/2024/texmf-dist/tex/latex/microtype/microtype-pdftex.def
File: microtype-pdftex.def 2024/12/12 v3.2 Definitions specific to pdftex (RS)
LaTeX Info: Redefining \lsstyle on input line 944.
LaTeX Info: Redefining \lslig on input line 944.
\MT@outer@space=\skip54
)
Package microtype Info: Loading configuration file microtype.cfg.
 (c:/texlive/2024/texmf-dist/tex/latex/microtype/microtype.cfg
File: microtype.cfg 2024/12/12 v3.2 microtype main configuration file (RS)
)
LaTeX Info: Redefining \microtypesetup on input line 3053.
) (c:/texlive/2024/texmf-dist/tex/latex/siunitx/siunitx.sty
Package: siunitx 2024-12-06 v3.4.0 A comprehensive (SI) units package
\l__siunitx_number_uncert_offset_int=\count292
\l__siunitx_number_exponent_fixed_int=\count293
\l__siunitx_number_min_decimal_int=\count294
\l__siunitx_number_min_integer_int=\count295
\l__siunitx_number_round_precision_int=\count296
\l__siunitx_number_lower_threshold_int=\count297
\l__siunitx_number_upper_threshold_int=\count298
\l__siunitx_number_group_first_int=\count299
\l__siunitx_number_group_size_int=\count300
\l__siunitx_number_group_minimum_int=\count301
\l__siunitx_angle_tmp_dim=\dimen153
\l__siunitx_angle_marker_box=\box55
\l__siunitx_angle_unit_box=\box56
\l__siunitx_compound_count_int=\count302
 (c:/texlive/2024/texmf-dist/tex/latex/translations/translations.sty
Package: translations 2022/02/05 v1.12 internationalization of LaTeX2e packages (CN)
 (c:/texlive/2024/texmf-dist/tex/generic/pdftexcmds/pdftexcmds.sty
Package: pdftexcmds 2020-06-27 v0.33 Utility functions of pdfTeX for LuaTeX (HO)
 (c:/texlive/2024/texmf-dist/tex/generic/infwarerr/infwarerr.sty
Package: infwarerr 2019/12/03 v1.5 Providing info/warning/error messages (HO)
) (c:/texlive/2024/texmf-dist/tex/generic/ltxcmds/ltxcmds.sty
Package: ltxcmds 2023-12-04 v1.26 LaTeX kernel commands for general use (HO)
)
Package pdftexcmds Info: \pdf@primitive is available.
Package pdftexcmds Info: \pdf@ifprimitive is available.
Package pdftexcmds Info: \pdfdraftmode found.
))
\l__siunitx_table_tmp_box=\box57
\l__siunitx_table_tmp_dim=\dimen154
\l__siunitx_table_column_width_dim=\dimen155
\l__siunitx_table_integer_box=\box58
\l__siunitx_table_decimal_box=\box59
\l__siunitx_table_uncert_box=\box60
\l__siunitx_table_before_box=\box61
\l__siunitx_table_after_box=\box62
\l__siunitx_table_before_dim=\dimen156
\l__siunitx_table_carry_dim=\dimen157
\l__siunitx_unit_tmp_int=\count303
\l__siunitx_unit_position_int=\count304
\l__siunitx_unit_total_int=\count305
 (c:/texlive/2024/texmf-dist/tex/latex/tools/array.sty
Package: array 2024/10/17 v2.6g Tabular extension package (FMi)
\col@sep=\dimen158
\ar@mcellbox=\box63
\extrarowheight=\dimen159
\NC@list=\toks31
\extratabsurround=\skip55
\backup@length=\skip56
\ar@cellbox=\box64
)) (c:/texlive/2024/texmf-dist/tex/generic/soul/soul.sty
Package: soul 2023-06-14 v3.1 Permit use of UTF-8 characters in soul (HO)
 (c:/texlive/2024/texmf-dist/tex/generic/soul/soul-ori.sty
Package: soul-ori 2023-06-14 v3.1 letterspacing/underlining (mf)
\SOUL@word=\toks32
\SOUL@lasttoken=\toks33
\SOUL@syllable=\toks34
\SOUL@cmds=\toks35
\SOUL@buffer=\toks36
\SOUL@token=\toks37
\SOUL@syllgoal=\dimen160
\SOUL@syllwidth=\dimen161
\SOUL@charkern=\dimen162
\SOUL@hyphkern=\dimen163
\SOUL@dimen=\dimen164
\SOUL@dimeni=\dimen165
\SOUL@minus=\count306
\SOUL@comma=\count307
\SOUL@apo=\count308
\SOUL@grave=\count309
\SOUL@spaceskip=\skip57
\SOUL@ttwidth=\dimen166
\SOUL@uldp=\dimen167
\SOUL@ulht=\dimen168
) (c:/texlive/2024/texmf-dist/tex/generic/etexcmds/etexcmds.sty
Package: etexcmds 2019/12/15 v1.7 Avoid name clashes with e-TeX commands (HO)
)) (c:/texlive/2024/texmf-dist/tex/latex/pgf/frontendlayer/tikz.sty (c:/texlive/2024/texmf-dist/tex/latex/pgf/basiclayer/pgf.sty (c:/texlive/2024/texmf-dist/tex/latex/pgf/utilities/pgfrcs.sty (c:/texlive/2024/texmf-dist/tex/generic/pgf/utilities/pgfutil-common.tex
\pgfutil@everybye=\toks38
\pgfutil@tempdima=\dimen169
\pgfutil@tempdimb=\dimen170
) (c:/texlive/2024/texmf-dist/tex/generic/pgf/utilities/pgfutil-latex.def
\pgfutil@abb=\box65
) (c:/texlive/2024/texmf-dist/tex/generic/pgf/utilities/pgfrcs.code.tex (c:/texlive/2024/texmf-dist/tex/generic/pgf/pgf.revision.tex)
Package: pgfrcs 2023-01-15 v3.1.10 (3.1.10)
))
Package: pgf 2023-01-15 v3.1.10 (3.1.10)
 (c:/texlive/2024/texmf-dist/tex/latex/pgf/basiclayer/pgfcore.sty (c:/texlive/2024/texmf-dist/tex/latex/graphics/graphicx.sty
Package: graphicx 2021/09/16 v1.2d Enhanced LaTeX Graphics (DPC,SPQR)
 (c:/texlive/2024/texmf-dist/tex/latex/graphics/graphics.sty
Package: graphics 2024/08/06 v1.4g Standard LaTeX Graphics (DPC,SPQR)
 (c:/texlive/2024/texmf-dist/tex/latex/graphics/trig.sty
Package: trig 2023/12/02 v1.11 sin cos tan (DPC)
) (c:/texlive/2024/texmf-dist/tex/latex/graphics-cfg/graphics.cfg
File: graphics.cfg 2016/06/04 v1.11 sample graphics configuration
)
Package graphics Info: Driver file: pdftex.def on input line 106.
 (c:/texlive/2024/texmf-dist/tex/latex/graphics-def/pdftex.def
File: pdftex.def 2024/04/13 v1.2c Graphics/color driver for pdftex
))
\Gin@req@height=\dimen171
\Gin@req@width=\dimen172
) (c:/texlive/2024/texmf-dist/tex/latex/pgf/systemlayer/pgfsys.sty (c:/texlive/2024/texmf-dist/tex/generic/pgf/systemlayer/pgfsys.code.tex
Package: pgfsys 2023-01-15 v3.1.10 (3.1.10)
 (c:/texlive/2024/texmf-dist/tex/generic/pgf/utilities/pgfkeys.code.tex
\pgfkeys@pathtoks=\toks39
\pgfkeys@temptoks=\toks40
 (c:/texlive/2024/texmf-dist/tex/generic/pgf/utilities/pgfkeyslibraryfiltered.code.tex
\pgfkeys@tmptoks=\toks41
))
\pgf@x=\dimen173
\pgf@y=\dimen174
\pgf@xa=\dimen175
\pgf@ya=\dimen176
\pgf@xb=\dimen177
\pgf@yb=\dimen178
\pgf@xc=\dimen179
\pgf@yc=\dimen180
\pgf@xd=\dimen181
\pgf@yd=\dimen182
\w@pgf@writea=\write3
\r@pgf@reada=\read4
\c@pgf@counta=\count310
\c@pgf@countb=\count311
\c@pgf@countc=\count312
\c@pgf@countd=\count313
\t@pgf@toka=\toks42
\t@pgf@tokb=\toks43
\t@pgf@tokc=\toks44
\pgf@sys@id@count=\count314
 (c:/texlive/2024/texmf-dist/tex/generic/pgf/systemlayer/pgf.cfg
File: pgf.cfg 2023-01-15 v3.1.10 (3.1.10)
)
Driver file for pgf: pgfsys-pdftex.def
 (c:/texlive/2024/texmf-dist/tex/generic/pgf/systemlayer/pgfsys-pdftex.def
File: pgfsys-pdftex.def 2023-01-15 v3.1.10 (3.1.10)
 (c:/texlive/2024/texmf-dist/tex/generic/pgf/systemlayer/pgfsys-common-pdf.def
File: pgfsys-common-pdf.def 2023-01-15 v3.1.10 (3.1.10)
))) (c:/texlive/2024/texmf-dist/tex/generic/pgf/systemlayer/pgfsyssoftpath.code.tex
File: pgfsyssoftpath.code.tex 2023-01-15 v3.1.10 (3.1.10)
\pgfsyssoftpath@smallbuffer@items=\count315
\pgfsyssoftpath@bigbuffer@items=\count316
) (c:/texlive/2024/texmf-dist/tex/generic/pgf/systemlayer/pgfsysprotocol.code.tex
File: pgfsysprotocol.code.tex 2023-01-15 v3.1.10 (3.1.10)
)) (c:/texlive/2024/texmf-dist/tex/latex/xcolor/xcolor.sty
Package: xcolor 2024/09/29 v3.02 LaTeX color extensions (UK)
 (c:/texlive/2024/texmf-dist/tex/latex/graphics-cfg/color.cfg
File: color.cfg 2016/01/02 v1.6 sample color configuration
)
Package xcolor Info: Driver file: pdftex.def on input line 274.
 (c:/texlive/2024/texmf-dist/tex/latex/graphics/mathcolor.ltx)
Package xcolor Info: Model `cmy' substituted by `cmy0' on input line 1349.
Package xcolor Info: Model `hsb' substituted by `rgb' on input line 1353.
Package xcolor Info: Model `RGB' extended on input line 1365.
Package xcolor Info: Model `HTML' substituted by `rgb' on input line 1367.
Package xcolor Info: Model `Hsb' substituted by `hsb' on input line 1368.
Package xcolor Info: Model `tHsb' substituted by `hsb' on input line 1369.
Package xcolor Info: Model `HSB' substituted by `hsb' on input line 1370.
Package xcolor Info: Model `Gray' substituted by `gray' on input line 1371.
Package xcolor Info: Model `wave' substituted by `hsb' on input line 1372.
) (c:/texlive/2024/texmf-dist/tex/generic/pgf/basiclayer/pgfcore.code.tex
Package: pgfcore 2023-01-15 v3.1.10 (3.1.10)
 (c:/texlive/2024/texmf-dist/tex/generic/pgf/math/pgfmath.code.tex (c:/texlive/2024/texmf-dist/tex/generic/pgf/math/pgfmathutil.code.tex) (c:/texlive/2024/texmf-dist/tex/generic/pgf/math/pgfmathparser.code.tex
\pgfmath@dimen=\dimen183
\pgfmath@count=\count317
\pgfmath@box=\box66
\pgfmath@toks=\toks45
\pgfmath@stack@operand=\toks46
\pgfmath@stack@operation=\toks47
) (c:/texlive/2024/texmf-dist/tex/generic/pgf/math/pgfmathfunctions.code.tex) (c:/texlive/2024/texmf-dist/tex/generic/pgf/math/pgfmathfunctions.basic.code.tex) (c:/texlive/2024/texmf-dist/tex/generic/pgf/math/pgfmathfunctions.trigonometric.code.tex) (c:/texlive/2024/texmf-dist/tex/generic/pgf/math/pgfmathfunctions.random.code.tex) (c:/texlive/2024/texmf-dist/tex/generic/pgf/math/pgfmathfunctions.comparison.code.tex) (c:/texlive/2024/texmf-dist/tex/generic/pgf/math/pgfmathfunctions.base.code.tex) (c:/texlive/2024/texmf-dist/tex/generic/pgf/math/pgfmathfunctions.round.code.tex) (c:/texlive/2024/texmf-dist/tex/generic/pgf/math/pgfmathfunctions.misc.code.tex) (c:/texlive/2024/texmf-dist/tex/generic/pgf/math/pgfmathfunctions.integerarithmetics.code.tex) (c:/texlive/2024/texmf-dist/tex/generic/pgf/math/pgfmathcalc.code.tex) (c:/texlive/2024/texmf-dist/tex/generic/pgf/math/pgfmathfloat.code.tex
\c@pgfmathroundto@lastzeros=\count318
)) (c:/texlive/2024/texmf-dist/tex/generic/pgf/math/pgfint.code.tex) (c:/texlive/2024/texmf-dist/tex/generic/pgf/basiclayer/pgfcorepoints.code.tex
File: pgfcorepoints.code.tex 2023-01-15 v3.1.10 (3.1.10)
\pgf@picminx=\dimen184
\pgf@picmaxx=\dimen185
\pgf@picminy=\dimen186
\pgf@picmaxy=\dimen187
\pgf@pathminx=\dimen188
\pgf@pathmaxx=\dimen189
\pgf@pathminy=\dimen190
\pgf@pathmaxy=\dimen191
\pgf@xx=\dimen192
\pgf@xy=\dimen193
\pgf@yx=\dimen194
\pgf@yy=\dimen195
\pgf@zx=\dimen196
\pgf@zy=\dimen197
) (c:/texlive/2024/texmf-dist/tex/generic/pgf/basiclayer/pgfcorepathconstruct.code.tex
File: pgfcorepathconstruct.code.tex 2023-01-15 v3.1.10 (3.1.10)
\pgf@path@lastx=\dimen198
\pgf@path@lasty=\dimen199
) (c:/texlive/2024/texmf-dist/tex/generic/pgf/basiclayer/pgfcorepathusage.code.tex
File: pgfcorepathusage.code.tex 2023-01-15 v3.1.10 (3.1.10)
\pgf@shorten@end@additional=\dimen256
\pgf@shorten@start@additional=\dimen257
) (c:/texlive/2024/texmf-dist/tex/generic/pgf/basiclayer/pgfcorescopes.code.tex
File: pgfcorescopes.code.tex 2023-01-15 v3.1.10 (3.1.10)
\pgfpic=\box67
\pgf@hbox=\box68
\pgf@layerbox@main=\box69
\pgf@picture@serial@count=\count319
) (c:/texlive/2024/texmf-dist/tex/generic/pgf/basiclayer/pgfcoregraphicstate.code.tex
File: pgfcoregraphicstate.code.tex 2023-01-15 v3.1.10 (3.1.10)
\pgflinewidth=\dimen258
) (c:/texlive/2024/texmf-dist/tex/generic/pgf/basiclayer/pgfcoretransformations.code.tex
File: pgfcoretransformations.code.tex 2023-01-15 v3.1.10 (3.1.10)
\pgf@pt@x=\dimen259
\pgf@pt@y=\dimen260
\pgf@pt@temp=\dimen261
) (c:/texlive/2024/texmf-dist/tex/generic/pgf/basiclayer/pgfcorequick.code.tex
File: pgfcorequick.code.tex 2023-01-15 v3.1.10 (3.1.10)
) (c:/texlive/2024/texmf-dist/tex/generic/pgf/basiclayer/pgfcoreobjects.code.tex
File: pgfcoreobjects.code.tex 2023-01-15 v3.1.10 (3.1.10)
) (c:/texlive/2024/texmf-dist/tex/generic/pgf/basiclayer/pgfcorepathprocessing.code.tex
File: pgfcorepathprocessing.code.tex 2023-01-15 v3.1.10 (3.1.10)
) (c:/texlive/2024/texmf-dist/tex/generic/pgf/basiclayer/pgfcorearrows.code.tex
File: pgfcorearrows.code.tex 2023-01-15 v3.1.10 (3.1.10)
\pgfarrowsep=\dimen262
) (c:/texlive/2024/texmf-dist/tex/generic/pgf/basiclayer/pgfcoreshade.code.tex
File: pgfcoreshade.code.tex 2023-01-15 v3.1.10 (3.1.10)
\pgf@max=\dimen263
\pgf@sys@shading@range@num=\count320
\pgf@shadingcount=\count321
) (c:/texlive/2024/texmf-dist/tex/generic/pgf/basiclayer/pgfcoreimage.code.tex
File: pgfcoreimage.code.tex 2023-01-15 v3.1.10 (3.1.10)
) (c:/texlive/2024/texmf-dist/tex/generic/pgf/basiclayer/pgfcoreexternal.code.tex
File: pgfcoreexternal.code.tex 2023-01-15 v3.1.10 (3.1.10)
\pgfexternal@startupbox=\box70
) (c:/texlive/2024/texmf-dist/tex/generic/pgf/basiclayer/pgfcorelayers.code.tex
File: pgfcorelayers.code.tex 2023-01-15 v3.1.10 (3.1.10)
) (c:/texlive/2024/texmf-dist/tex/generic/pgf/basiclayer/pgfcoretransparency.code.tex
File: pgfcoretransparency.code.tex 2023-01-15 v3.1.10 (3.1.10)
) (c:/texlive/2024/texmf-dist/tex/generic/pgf/basiclayer/pgfcorepatterns.code.tex
File: pgfcorepatterns.code.tex 2023-01-15 v3.1.10 (3.1.10)
) (c:/texlive/2024/texmf-dist/tex/generic/pgf/basiclayer/pgfcorerdf.code.tex
File: pgfcorerdf.code.tex 2023-01-15 v3.1.10 (3.1.10)
))) (c:/texlive/2024/texmf-dist/tex/generic/pgf/modules/pgfmoduleshapes.code.tex
File: pgfmoduleshapes.code.tex 2023-01-15 v3.1.10 (3.1.10)
\pgfnodeparttextbox=\box71
) (c:/texlive/2024/texmf-dist/tex/generic/pgf/modules/pgfmoduleplot.code.tex
File: pgfmoduleplot.code.tex 2023-01-15 v3.1.10 (3.1.10)
) (c:/texlive/2024/texmf-dist/tex/latex/pgf/compatibility/pgfcomp-version-0-65.sty
Package: pgfcomp-version-0-65 2023-01-15 v3.1.10 (3.1.10)
\pgf@nodesepstart=\dimen264
\pgf@nodesepend=\dimen265
) (c:/texlive/2024/texmf-dist/tex/latex/pgf/compatibility/pgfcomp-version-1-18.sty
Package: pgfcomp-version-1-18 2023-01-15 v3.1.10 (3.1.10)
)) (c:/texlive/2024/texmf-dist/tex/latex/pgf/utilities/pgffor.sty (c:/texlive/2024/texmf-dist/tex/latex/pgf/utilities/pgfkeys.sty (c:/texlive/2024/texmf-dist/tex/generic/pgf/utilities/pgfkeys.code.tex)) (c:/texlive/2024/texmf-dist/tex/latex/pgf/math/pgfmath.sty (c:/texlive/2024/texmf-dist/tex/generic/pgf/math/pgfmath.code.tex)) (c:/texlive/2024/texmf-dist/tex/generic/pgf/utilities/pgffor.code.tex
Package: pgffor 2023-01-15 v3.1.10 (3.1.10)
\pgffor@iter=\dimen266
\pgffor@skip=\dimen267
\pgffor@stack=\toks48
\pgffor@toks=\toks49
)) (c:/texlive/2024/texmf-dist/tex/generic/pgf/frontendlayer/tikz/tikz.code.tex
Package: tikz 2023-01-15 v3.1.10 (3.1.10)
 (c:/texlive/2024/texmf-dist/tex/generic/pgf/libraries/pgflibraryplothandlers.code.tex
File: pgflibraryplothandlers.code.tex 2023-01-15 v3.1.10 (3.1.10)
\pgf@plot@mark@count=\count322
\pgfplotmarksize=\dimen268
)
\tikz@lastx=\dimen269
\tikz@lasty=\dimen270
\tikz@lastxsaved=\dimen271
\tikz@lastysaved=\dimen272
\tikz@lastmovetox=\dimen273
\tikz@lastmovetoy=\dimen274
\tikzleveldistance=\dimen275
\tikzsiblingdistance=\dimen276
\tikz@figbox=\box72
\tikz@figbox@bg=\box73
\tikz@tempbox=\box74
\tikz@tempbox@bg=\box75
\tikztreelevel=\count323
\tikznumberofchildren=\count324
\tikznumberofcurrentchild=\count325
\tikz@fig@count=\count326
 (c:/texlive/2024/texmf-dist/tex/generic/pgf/modules/pgfmodulematrix.code.tex
File: pgfmodulematrix.code.tex 2023-01-15 v3.1.10 (3.1.10)
\pgfmatrixcurrentrow=\count327
\pgfmatrixcurrentcolumn=\count328
\pgf@matrix@numberofcolumns=\count329
)
\tikz@expandcount=\count330
 (c:/texlive/2024/texmf-dist/tex/generic/pgf/frontendlayer/tikz/libraries/tikzlibrarytopaths.code.tex
File: tikzlibrarytopaths.code.tex 2023-01-15 v3.1.10 (3.1.10)
))) (c:/texlive/2024/texmf-dist/tex/generic/pgf/libraries/pgflibraryarrows.meta.code.tex
File: pgflibraryarrows.meta.code.tex 2023-01-15 v3.1.10 (3.1.10)
\pgfarrowinset=\dimen277
\pgfarrowlength=\dimen278
\pgfarrowwidth=\dimen279
\pgfarrowlinewidth=\dimen280
) (c:/texlive/2024/texmf-dist/tex/generic/pgf/frontendlayer/tikz/libraries/tikzlibrarypositioning.code.tex
File: tikzlibrarypositioning.code.tex 2023-01-15 v3.1.10 (3.1.10)
) (c:/texlive/2024/texmf-dist/tex/generic/pgf/frontendlayer/tikz/libraries/tikzlibrarycalc.code.tex
File: tikzlibrarycalc.code.tex 2023-01-15 v3.1.10 (3.1.10)
) (c:/texlive/2024/texmf-dist/tex/generic/pgf/frontendlayer/tikz/libraries/tikzlibrarybending.code.tex
File: tikzlibrarybending.code.tex 2023-01-15 v3.1.10 (3.1.10)
 (c:/texlive/2024/texmf-dist/tex/generic/pgf/modules/pgfmodulebending.code.tex
File: pgfmodulebending.code.tex 2023-01-15 v3.1.10 (3.1.10)
 (c:/texlive/2024/texmf-dist/tex/generic/pgf/modules/pgfmodulenonlineartransformations.code.tex
File: pgfmodulenonlineartransformations.code.tex 2023-01-15 v3.1.10 (3.1.10)
\pgftransformnonlinearflatness=\dimen281
) (c:/texlive/2024/texmf-dist/tex/generic/pgf/libraries/pgflibrarycurvilinear.code.tex
File: pgflibrarycurvilinear.code.tex 2023-01-15 v3.1.10 (3.1.10)
\pgf@curvilinear@time@a=\dimen282
\pgf@curvilinear@length@a=\dimen283
\pgf@curvilinear@length@b=\dimen284
\pgf@curvilinear@length@c=\dimen285
\pgf@curvilinear@length@d=\dimen286
)
\pgf@arrows@the@rigidity=\dimen287
)) (c:/texlive/2024/texmf-dist/tex/latex/cancel/cancel.sty
Package: cancel 2013/04/12 v2.2 Cancel math terms
) (c:/texlive/2024/texmf-dist/tex/latex/geometry/geometry.sty
Package: geometry 2020/01/02 v5.9 Page Geometry
 (c:/texlive/2024/texmf-dist/tex/generic/iftex/ifvtex.sty
Package: ifvtex 2019/10/25 v1.7 ifvtex legacy package. Use iftex instead.
)
\Gm@cnth=\count331
\Gm@cntv=\count332
\c@Gm@tempcnt=\count333
\Gm@bindingoffset=\dimen288
\Gm@wd@mp=\dimen289
\Gm@odd@mp=\dimen290
\Gm@even@mp=\dimen291
\Gm@layoutwidth=\dimen292
\Gm@layoutheight=\dimen293
\Gm@layouthoffset=\dimen294
\Gm@layoutvoffset=\dimen295
\Gm@dimlist=\toks50
) (c:/texlive/2024/texmf-dist/tex/latex/float/float.sty
Package: float 2001/11/08 v1.3d Float enhancements (AL)
\c@float@type=\count334
\float@exts=\toks51
\float@box=\box76
\@float@everytoks=\toks52
\@floatcapt=\box77
) (c:/texlive/2024/texmf-dist/tex/latex/caption/caption.sty
Package: caption 2023/08/05 v3.6o Customizing captions (AR)
 (c:/texlive/2024/texmf-dist/tex/latex/caption/caption3.sty
Package: caption3 2023/07/31 v2.4d caption3 kernel (AR)
\caption@tempdima=\dimen296
\captionmargin=\dimen297
\caption@leftmargin=\dimen298
\caption@rightmargin=\dimen299
\caption@width=\dimen300
\caption@indent=\dimen301
\caption@parindent=\dimen302
\caption@hangindent=\dimen303
Package caption Info: Standard document class detected.
)
\c@caption@flags=\count335
\c@continuedfloat=\count336
Package caption Info: float package is loaded.
) (c:/texlive/2024/texmf-dist/tex/latex/caption/subcaption.sty
Package: subcaption 2023/07/28 v1.6b Sub-captions (AR)
Package caption Info: New subtype `subfigure' on input line 238.
\c@subfigure=\count337
Package caption Info: New subtype `subtable' on input line 238.
\c@subtable=\count338
) (c:/texlive/2024/texmf-dist/tex/latex/floatflt/floatflt.sty
Package: floatflt 1997/07/16 v. 1.31
\c@OptionTest=\count339
\figbox=\box78
\tabbox=\box79
\pagebox=\box80
\ffigcount=\count340
\ftabcount=\count341
\fftest=\count342
\hangcount=\count343
\nosuccesstryfig=\count344
\nosuccesstrytab=\count345
\figgutter=\dimen304
\tabgutter=\dimen305
\htdone=\dimen306
\pageht=\dimen307
\startpageht=\dimen308
\tabbredd=\dimen309
\floatfltwidth=\dimen310
\fltitemwidth=\dimen311
\outputpretest=\toks53
) (c:/texlive/2024/texmf-dist/tex/latex/wrapfig/wrapfig.sty
\wrapoverhang=\dimen312
\WF@size=\dimen313
\c@WF@wrappedlines=\count346
\WF@box=\box81
\WF@everypar=\toks54
Package: wrapfig 2003/01/31  v 3.6
) (c:/texlive/2024/texmf-dist/tex/latex/booktabs/booktabs.sty
Package: booktabs 2020/01/12 v1.61803398 Publication quality tables
\heavyrulewidth=\dimen314
\lightrulewidth=\dimen315
\cmidrulewidth=\dimen316
\belowrulesep=\dimen317
\belowbottomsep=\dimen318
\aboverulesep=\dimen319
\abovetopsep=\dimen320
\cmidrulesep=\dimen321
\cmidrulekern=\dimen322
\defaultaddspace=\dimen323
\@cmidla=\count347
\@cmidlb=\count348
\@aboverulesep=\dimen324
\@belowrulesep=\dimen325
\@thisruleclass=\count349
\@lastruleclass=\count350
\@thisrulewidth=\dimen326
) (c:/texlive/2024/texmf-dist/tex/latex/tools/tabularx.sty
Package: tabularx 2023/12/11 v2.12a `tabularx' package (DPC)
\TX@col@width=\dimen327
\TX@old@table=\dimen328
\TX@old@col=\dimen329
\TX@target=\dimen330
\TX@delta=\dimen331
\TX@cols=\count351
\TX@ftn=\toks55
) (c:/texlive/2024/texmf-dist/tex/latex/colortbl/colortbl.sty
Package: colortbl 2024/07/06 v1.0i Color table columns (DPC)
\everycr=\toks56
\minrowclearance=\skip58
\rownum=\count352
) (c:/texlive/2024/texmf-dist/tex/latex/amscls/amsthm.sty
Package: amsthm 2020/05/29 v2.20.6
\thm@style=\toks57
\thm@bodyfont=\toks58
\thm@headfont=\toks59
\thm@notefont=\toks60
\thm@headpunct=\toks61
\thm@preskip=\skip59
\thm@postskip=\skip60
\thm@headsep=\skip61
\dth@everypar=\toks62
LaTeX Info: Redefining \textsquare on input line 427.
) (c:/texlive/2024/texmf-dist/tex/latex/mathtools/mathtools.sty
Package: mathtools 2024/10/04 v1.31 mathematical typesetting tools
 (c:/texlive/2024/texmf-dist/tex/latex/tools/calc.sty
Package: calc 2023/07/08 v4.3 Infix arithmetic (KKT,FJ)
\calc@Acount=\count353
\calc@Bcount=\count354
\calc@Adimen=\dimen332
\calc@Bdimen=\dimen333
\calc@Askip=\skip62
\calc@Bskip=\skip63
LaTeX Info: Redefining \setlength on input line 80.
LaTeX Info: Redefining \addtolength on input line 81.
\calc@Ccount=\count355
\calc@Cskip=\skip64
) (c:/texlive/2024/texmf-dist/tex/latex/mathtools/mhsetup.sty
Package: mhsetup 2021/03/18 v1.4 programming setup (MH)
)
\g_MT_multlinerow_int=\count356
\l_MT_multwidth_dim=\dimen334
\origjot=\skip65
\l_MT_shortvdotswithinadjustabove_dim=\dimen335
\l_MT_shortvdotswithinadjustbelow_dim=\dimen336
\l_MT_above_intertext_sep=\dimen337
\l_MT_below_intertext_sep=\dimen338
\l_MT_above_shortintertext_sep=\dimen339
\l_MT_below_shortintertext_sep=\dimen340
\xmathstrut@box=\box82
\xmathstrut@dim=\dimen341
) (c:/texlive/2024/texmf-dist/tex/latex/hyperref/hyperref.sty
Package: hyperref 2024-11-05 v7.01l Hypertext links for LaTeX
 (c:/texlive/2024/texmf-dist/tex/latex/kvsetkeys/kvsetkeys.sty
Package: kvsetkeys 2022-10-05 v1.19 Key value parser (HO)
) (c:/texlive/2024/texmf-dist/tex/generic/kvdefinekeys/kvdefinekeys.sty
Package: kvdefinekeys 2019-12-19 v1.6 Define keys (HO)
) (c:/texlive/2024/texmf-dist/tex/generic/pdfescape/pdfescape.sty
Package: pdfescape 2019/12/09 v1.15 Implements pdfTeX's escape features (HO)
) (c:/texlive/2024/texmf-dist/tex/latex/hycolor/hycolor.sty
Package: hycolor 2020-01-27 v1.10 Color options for hyperref/bookmark (HO)
) (c:/texlive/2024/texmf-dist/tex/latex/hyperref/nameref.sty
Package: nameref 2023-11-26 v2.56 Cross-referencing by name of section
 (c:/texlive/2024/texmf-dist/tex/latex/refcount/refcount.sty
Package: refcount 2019/12/15 v3.6 Data extraction from label references (HO)
) (c:/texlive/2024/texmf-dist/tex/generic/gettitlestring/gettitlestring.sty
Package: gettitlestring 2019/12/15 v1.6 Cleanup title references (HO)
 (c:/texlive/2024/texmf-dist/tex/latex/kvoptions/kvoptions.sty
Package: kvoptions 2022-06-15 v3.15 Key value format for package options (HO)
))
\c@section@level=\count357
) (c:/texlive/2024/texmf-dist/tex/generic/stringenc/stringenc.sty
Package: stringenc 2019/11/29 v1.12 Convert strings between diff. encodings (HO)
)
\@linkdim=\dimen342
\Hy@linkcounter=\count358
\Hy@pagecounter=\count359
 (c:/texlive/2024/texmf-dist/tex/latex/hyperref/pd1enc.def
File: pd1enc.def 2024-11-05 v7.01l Hyperref: PDFDocEncoding definition (HO)
Now handling font encoding PD1 ...
... no UTF-8 mapping file for font encoding PD1
) (c:/texlive/2024/texmf-dist/tex/generic/intcalc/intcalc.sty
Package: intcalc 2019/12/15 v1.3 Expandable calculations with integers (HO)
)
\Hy@SavedSpaceFactor=\count360
 (c:/texlive/2024/texmf-dist/tex/latex/hyperref/puenc.def
File: puenc.def 2024-11-05 v7.01l Hyperref: PDF Unicode definition (HO)
Now handling font encoding PU ...
... no UTF-8 mapping file for font encoding PU
)
Package hyperref Info: Option `colorlinks' set `true' on input line 4040.
Package hyperref Info: Hyper figures OFF on input line 4157.
Package hyperref Info: Link nesting OFF on input line 4162.
Package hyperref Info: Hyper index ON on input line 4165.
Package hyperref Info: Plain pages OFF on input line 4172.
Package hyperref Info: Backreferencing OFF on input line 4177.
Package hyperref Info: Implicit mode ON; LaTeX internals redefined.
Package hyperref Info: Bookmarks ON on input line 4424.
\c@Hy@tempcnt=\count361
 (c:/texlive/2024/texmf-dist/tex/latex/url/url.sty
\Urlmuskip=\muskip18
Package: url 2013/09/16  ver 3.4  Verb mode for urls, etc.
)
LaTeX Info: Redefining \url on input line 4763.
\XeTeXLinkMargin=\dimen343
 (c:/texlive/2024/texmf-dist/tex/generic/bitset/bitset.sty
Package: bitset 2019/12/09 v1.3 Handle bit-vector datatype (HO)
 (c:/texlive/2024/texmf-dist/tex/generic/bigintcalc/bigintcalc.sty
Package: bigintcalc 2019/12/15 v1.5 Expandable calculations on big integers (HO)
))
\Fld@menulength=\count362
\Field@Width=\dimen344
\Fld@charsize=\dimen345
Package hyperref Info: Hyper figures OFF on input line 6042.
Package hyperref Info: Link nesting OFF on input line 6047.
Package hyperref Info: Hyper index ON on input line 6050.
Package hyperref Info: backreferencing OFF on input line 6057.
Package hyperref Info: Link coloring ON on input line 6060.
Package hyperref Info: Link coloring with OCG OFF on input line 6067.
Package hyperref Info: PDF/A mode OFF on input line 6072.
 (c:/texlive/2024/texmf-dist/tex/latex/base/atbegshi-ltx.sty
Package: atbegshi-ltx 2021/01/10 v1.0c Emulation of the original atbegshi
package with kernel methods
)
\Hy@abspage=\count363
\c@Item=\count364
\c@Hfootnote=\count365
)
Package hyperref Info: Driver (autodetected): hpdftex.
 (c:/texlive/2024/texmf-dist/tex/latex/hyperref/hpdftex.def
File: hpdftex.def 2024-11-05 v7.01l Hyperref driver for pdfTeX
 (c:/texlive/2024/texmf-dist/tex/latex/base/atveryend-ltx.sty
Package: atveryend-ltx 2020/08/19 v1.0a Emulation of the original atveryend package
with kernel methods
)
\Fld@listcount=\count366
\c@bookmark@seq@number=\count367
 (c:/texlive/2024/texmf-dist/tex/latex/rerunfilecheck/rerunfilecheck.sty
Package: rerunfilecheck 2022-07-10 v1.10 Rerun checks for auxiliary files (HO)
 (c:/texlive/2024/texmf-dist/tex/generic/uniquecounter/uniquecounter.sty
Package: uniquecounter 2019/12/15 v1.4 Provide unlimited unique counter (HO)
)
Package uniquecounter Info: New unique counter `rerunfilecheck' on input line 285.
)
\Hy@SectionHShift=\skip66
) (c:/texlive/2024/texmf-dist/tex/latex/cleveref/cleveref.sty
Package: cleveref 2018/03/27 v0.21.4 Intelligent cross-referencing
Package cleveref Info: `hyperref' support loaded on input line 2370.
LaTeX Info: Redefining \cref on input line 2370.
LaTeX Info: Redefining \Cref on input line 2370.
LaTeX Info: Redefining \crefrange on input line 2370.
LaTeX Info: Redefining \Crefrange on input line 2370.
LaTeX Info: Redefining \cpageref on input line 2370.
LaTeX Info: Redefining \Cpageref on input line 2370.
LaTeX Info: Redefining \cpagerefrange on input line 2370.
LaTeX Info: Redefining \Cpagerefrange on input line 2370.
LaTeX Info: Redefining \labelcref on input line 2370.
LaTeX Info: Redefining \labelcpageref on input line 2370.
Package cleveref Info: `amsthm' support loaded on input line 3026.
Package cleveref Info: include cross-reference names in hyperlinks on input line 7836.
Package cleveref Info: include cross-reference names in hyperlinks on input line 7852.
Package cleveref Info: no abbreviation of names on input line 7852.
) (c:/texlive/2024/texmf-dist/tex/latex/oberdiek/aliascnt.sty
Package: aliascnt 2018/09/07 v1.5 Alias counters (HO)
)
\c@theorem=\count368
 (c:/texlive/2024/texmf-dist/tex/latex/enumitem/enumitem.sty
Package: enumitem 2019/06/20 v3.9 Customized lists
\enitkv@toks@=\toks63
\labelindent=\skip67
\enit@outerparindent=\dimen346
\enit@toks=\toks64
\enit@inbox=\box83
\enit@count@id=\count369
\enitdp@description=\count370
) (c:/texlive/2024/texmf-dist/tex/latex/tcolorbox/tcolorbox.sty
Package: tcolorbox 2024/10/22 version 6.4.1 text color boxes
 (c:/texlive/2024/texmf-dist/tex/latex/tools/verbatim.sty
Package: verbatim 2024-01-22 v1.5x LaTeX2e package for verbatim enhancements
\every@verbatim=\toks65
\verbatim@line=\toks66
\verbatim@in@stream=\read5
) (c:/texlive/2024/texmf-dist/tex/latex/environ/environ.sty
Package: environ 2014/05/04 v0.3 A new way to define environments
 (c:/texlive/2024/texmf-dist/tex/latex/trimspaces/trimspaces.sty
Package: trimspaces 2009/09/17 v1.1 Trim spaces around a token list
))
\tcb@titlebox=\box84
\tcb@upperbox=\box85
\tcb@lowerbox=\box86
\tcb@phantombox=\box87
\c@tcbbreakpart=\count371
\c@tcblayer=\count372
\c@tcolorbox@number=\count373
\l__tcobox_tmpa_box=\box88
\l__tcobox_tmpa_dim=\dimen347
\tcb@temp=\box89
\tcb@temp=\box90
\tcb@temp=\box91
\tcb@temp=\box92
 (c:/texlive/2024/texmf-dist/tex/latex/tcolorbox/tcbraster.code.tex
Library (tcolorbox): 'tcbraster.code.tex' version '6.4.1'
\c@tcbrastercolumn=\count374
\c@tcbrasterrow=\count375
\c@tcbrasternum=\count376
\c@tcbraster=\count377
) (c:/texlive/2024/texmf-dist/tex/latex/tcolorbox/tcbskins.code.tex
Library (tcolorbox): 'tcbskins.code.tex' version '6.4.1'
(c:/texlive/2024/texmf-dist/tex/latex/tikzfill/tikzfill.image.sty
Package: tikzfill.image 2023/08/08 v1.0.1 Image filling library for TikZ
 (c:/texlive/2024/texmf-dist/tex/latex/tikzfill/tikzfill-common.sty
Package: tikzfill-common 2023/08/08 v1.0.1 Auxiliary code for tikzfill
) (c:/texlive/2024/texmf-dist/tex/latex/tikzfill/tikzlibraryfill.image.code.tex
File: tikzlibraryfill.image.code.tex 2023/08/08 v1.0.1 Image filling library
\l__tikzfill_img_box=\box93
)) (c:/texlive/2024/texmf-dist/tex/latex/tcolorbox/tcbskinsjigsaw.code.tex
Library (tcolorbox): 'tcbskinsjigsaw.code.tex' version '6.4.1'
)) (c:/texlive/2024/texmf-dist/tex/latex/tcolorbox/tcbbreakable.code.tex
Library (tcolorbox): 'tcbbreakable.code.tex' version '6.4.1'
(c:/texlive/2024/texmf-dist/tex/latex/pdfcol/pdfcol.sty
Package: pdfcol 2022-09-21 v1.7 Handle new color stacks for pdfTeX (HO)
)
Package pdfcol Info: New color stack `tcb@breakable' = 1 on input line 23.
\tcb@testbox=\box94
\tcb@totalupperbox=\box95
\tcb@totallowerbox=\box96
) (c:/texlive/2024/texmf-dist/tex/latex/tcolorbox/tcbhooks.code.tex
Library (tcolorbox): 'tcbhooks.code.tex' version '6.4.1'
) (c:/texlive/2024/texmf-dist/tex/latex/tcolorbox/tcbtheorems.code.tex
Library (tcolorbox): 'tcbtheorems.code.tex' version '6.4.1'
) (c:/texlive/2024/texmf-dist/tex/latex/tcolorbox/tcbfitting.code.tex
Library (tcolorbox): 'tcbfitting.code.tex' version '6.4.1'
\tcbfitdim=\dimen348
\tcb@lowerfitdim=\dimen349
\tcb@upperfitdim=\dimen350
\tcb@cur@hbadness=\count378
) (c:/texlive/2024/texmf-dist/tex/latex/tcolorbox/tcblistingsutf8.code.tex
Library (tcolorbox): 'tcblistingsutf8.code.tex' version '6.4.1'
(c:/texlive/2024/texmf-dist/tex/latex/tcolorbox/tcblistings.code.tex
Library (tcolorbox): 'tcblistings.code.tex' version '6.4.1'
(c:/texlive/2024/texmf-dist/tex/latex/listings/listings.sty
\lst@mode=\count379
\lst@gtempboxa=\box97
\lst@token=\toks67
\lst@length=\count380
\lst@currlwidth=\dimen351
\lst@column=\count381
\lst@pos=\count382
\lst@lostspace=\dimen352
\lst@width=\dimen353
\lst@newlines=\count383
\lst@lineno=\count384
\lst@maxwidth=\dimen354
 (c:/texlive/2024/texmf-dist/tex/latex/listings/lstpatch.sty
File: lstpatch.sty 2024/09/23 1.10c (Carsten Heinz)
) (c:/texlive/2024/texmf-dist/tex/latex/listings/lstmisc.sty
File: lstmisc.sty 2024/09/23 1.10c (Carsten Heinz)
\c@lstnumber=\count385
\lst@skipnumbers=\count386
\lst@framebox=\box98
) (c:/texlive/2024/texmf-dist/tex/latex/listings/listings.cfg
File: listings.cfg 2024/09/23 1.10c listings configuration
))
Package: listings 2024/09/23 1.10c (Carsten Heinz)
 (c:/texlive/2024/texmf-dist/tex/latex/tcolorbox/tcblistingscore.code.tex
Library (tcolorbox): 'tcblistingscore.code.tex' version '6.4.1'
(c:/texlive/2024/texmf-dist/tex/latex/tcolorbox/tcbprocessing.code.tex
Library (tcolorbox): 'tcbprocessing.code.tex' version '6.4.1'
)
\c@tcblisting=\count387
)) (c:/texlive/2024/texmf-dist/tex/latex/listingsutf8/listingsutf8.sty
Package: listingsutf8 2019-12-10 v1.5 Allow UTF-8 in listings input (HO)
)) (c:/texlive/2024/texmf-dist/tex/latex/tcolorbox/tcbexternal.code.tex
Library (tcolorbox): 'tcbexternal.code.tex' version '6.4.1'
) (c:/texlive/2024/texmf-dist/tex/latex/tcolorbox/tcbmagazine.code.tex
Library (tcolorbox): 'tcbmagazine.code.tex' version '6.4.1'
) (c:/texlive/2024/texmf-dist/tex/latex/tcolorbox/tcbvignette.code.tex
Library (tcolorbox): 'tcbvignette.code.tex' version '6.4.1'
(c:/texlive/2024/texmf-dist/tex/generic/pgf/frontendlayer/tikz/libraries/tikzlibraryfadings.code.tex
File: tikzlibraryfadings.code.tex 2023-01-15 v3.1.10 (3.1.10)
 (c:/texlive/2024/texmf-dist/tex/generic/pgf/libraries/pgflibraryfadings.code.tex
File: pgflibraryfadings.code.tex 2023-01-15 v3.1.10 (3.1.10)
))) (c:/texlive/2024/texmf-dist/tex/latex/tcolorbox/tcbposter.code.tex
Library (tcolorbox): 'tcbposter.code.tex' version '6.4.1'
)) (c:/texlive/2024/texmf-dist/tex/latex/fancyhdr/fancyhdr.sty
Package: fancyhdr 2025/01/06 v5.1 Extensive control of page headers and footers
\f@nch@headwidth=\skip68
\f@nch@offset@elh=\skip69
\f@nch@offset@erh=\skip70
\f@nch@offset@olh=\skip71
\f@nch@offset@orh=\skip72
\f@nch@offset@elf=\skip73
\f@nch@offset@erf=\skip74
\f@nch@offset@olf=\skip75
\f@nch@offset@orf=\skip76
\f@nch@height=\skip77
\f@nch@footalignment=\skip78
\f@nch@widthL=\skip79
\f@nch@widthC=\skip80
\f@nch@widthR=\skip81
\@temptokenb=\toks68
)
LaTeX Font Info:    Trying to load font information for T1+lmss on input line 182.
 (c:/texlive/2024/texmf-dist/tex/latex/lm/t1lmss.fd
File: t1lmss.fd 2015/05/01 v1.6.1 Font defs for Latin Modern
) (c:/texlive/2024/texmf-dist/tex/latex/l3backend/l3backend-pdftex.def
File: l3backend-pdftex.def 2024-05-08 L3 backend support: PDF output (pdfTeX)
\l__color_backend_stack_int=\count388
\l__pdf_internal_box=\box99
) (./WS25-ART-Mitschrift.aux)
\openout1 = `WS25-ART-Mitschrift.aux'.

LaTeX Font Info:    Checking defaults for OML/ntxmi/m/it on input line 182.
LaTeX Font Info:    Trying to load font information for OML+ntxmi on input line 182.
 (c:/texlive/2024/texmf-dist/tex/latex/newtx/omlntxmi.fd
File: omlntxmi.fd 2015/08/25 Fontinst v1.933 font definitions for OML/ntxmi.
)
LaTeX Font Info:    ... okay on input line 182.
LaTeX Font Info:    Checking defaults for OMS/cmsy/m/n on input line 182.
LaTeX Font Info:    ... okay on input line 182.
LaTeX Font Info:    Checking defaults for OT1/cmr/m/n on input line 182.
LaTeX Font Info:    ... okay on input line 182.
LaTeX Font Info:    Checking defaults for T1/cmr/m/n on input line 182.
LaTeX Font Info:    ... okay on input line 182.
LaTeX Font Info:    Checking defaults for TS1/cmr/m/n on input line 182.
LaTeX Font Info:    ... okay on input line 182.
LaTeX Font Info:    Checking defaults for OMX/cmex/m/n on input line 182.
LaTeX Font Info:    ... okay on input line 182.
LaTeX Font Info:    Checking defaults for U/ntxexa/m/n on input line 182.
LaTeX Font Info:    Trying to load font information for U+ntxexa on input line 182.
 (c:/texlive/2024/texmf-dist/tex/latex/newtx/untxexa.fd
File: untxexa.fd 2012/04/16 Fontinst v1.933 font definitions for U/ntxexa.
)
LaTeX Font Info:    ... okay on input line 182.
LaTeX Font Info:    Checking defaults for LMS/ntxsy/m/n on input line 182.
LaTeX Font Info:    Trying to load font information for LMS+ntxsy on input line 182.
 (c:/texlive/2024/texmf-dist/tex/latex/newtx/lmsntxsy.fd
File: lmsntxsy.fd 2016/07/02 Fontinst v1.933 font definitions for LMS/ntxsy.
)
LaTeX Font Info:    ... okay on input line 182.
LaTeX Font Info:    Checking defaults for LMX/ntxexx/m/n on input line 182.
LaTeX Font Info:    Trying to load font information for LMX+ntxexx on input line 182.
 (c:/texlive/2024/texmf-dist/tex/latex/newtx/lmxntxexx.fd
File: lmxntxexx.fd 2016/07/03 Fontinst v1.933 font definitions for LMX/ntxexx.
)
LaTeX Font Info:    ... okay on input line 182.
LaTeX Font Info:    Checking defaults for PD1/pdf/m/n on input line 182.
LaTeX Font Info:    ... okay on input line 182.
LaTeX Font Info:    Checking defaults for PU/pdf/m/n on input line 182.
LaTeX Font Info:    ... okay on input line 182.
LaTeX Info: Command `\dddot' is already robust on input line 182.
LaTeX Info: Command `\ddddot' is already robust on input line 182.
LaTeX Info: Redefining \microtypecontext on input line 182.
Package microtype Info: Applying patch `item' on input line 182.
Package microtype Info: Applying patch `toc' on input line 182.
Package microtype Info: Applying patch `eqnum' on input line 182.
Package microtype Info: Applying patch `footnote' on input line 182.
Package microtype Info: Applying patch `verbatim' on input line 182.
LaTeX Info: Redefining \microtypesetup on input line 182.
Package microtype Info: Generating PDF output.
Package microtype Info: Character protrusion enabled (level 2).
Package microtype Info: Using default protrusion set `alltext'.
Package microtype Info: Automatic font expansion enabled (level 2),
(microtype)             stretch: 20, shrink: 20, step: 1, non-selected.
Package microtype Info: Using default expansion set `alltext-nott'.
LaTeX Info: Redefining \showhyphens on input line 182.
Package microtype Info: No adjustment of tracking.
Package microtype Info: No adjustment of interword spacing.
Package microtype Info: No adjustment of character kerning.
Package microtype Info: Loading generic protrusion settings for font family
(microtype)             `lmss' (encoding: T1).
(microtype)             For optimal results, create family-specific settings.
(microtype)             See the microtype manual for details.
 (c:/texlive/2024/texmf-dist/tex/latex/translations/translations-basic-dictionary-german.trsl
File: translations-basic-dictionary-german.trsl (german translation file `translations-basic-dictionary')
)
Package translations Info: loading dictionary `translations-basic-dictionary' for `german'. on input line 182.
 (c:/texlive/2024/texmf-dist/tex/context/base/mkii/supp-pdf.mkii
[Loading MPS to PDF converter (version 2006.09.02).]
\scratchcounter=\count389
\scratchdimen=\dimen355
\scratchbox=\box100
\nofMPsegments=\count390
\nofMParguments=\count391
\everyMPshowfont=\toks69
\MPscratchCnt=\count392
\MPscratchDim=\dimen356
\MPnumerator=\count393
\makeMPintoPDFobject=\count394
\everyMPtoPDFconversion=\toks70
) (c:/texlive/2024/texmf-dist/tex/latex/epstopdf-pkg/epstopdf-base.sty
Package: epstopdf-base 2020-01-24 v2.11 Base part for package epstopdf
Package epstopdf-base Info: Redefining graphics rule for `.eps' on input line 485.
 (c:/texlive/2024/texmf-dist/tex/latex/latexconfig/epstopdf-sys.cfg
File: epstopdf-sys.cfg 2010/07/13 v1.3 Configuration of (r)epstopdf for TeX Live
))
*geometry* driver: auto-detecting
*geometry* detected driver: pdftex
*geometry* verbose mode - [ preamble ] result:
* driver: pdftex
* paper: a4paper
* layout: <same size as paper>
* layoutoffset:(h,v)=(0.0pt,0.0pt)
* modes: 
* h-part:(L,W,R)=(56.9055pt, 483.69687pt, 56.9055pt)
* v-part:(T,H,B)=(79.66771pt, 685.71143pt, 79.66771pt)
* \paperwidth=597.50787pt
* \paperheight=845.04684pt
* \textwidth=483.69687pt
* \textheight=685.71143pt
* \oddsidemargin=-15.36449pt
* \evensidemargin=-15.36449pt
* \topmargin=-24.47607pt
* \headheight=14.0pt
* \headsep=19.8738pt
* \topskip=11.0pt
* \footskip=27.46295pt
* \marginparwidth=62.0pt
* \marginparsep=7.0pt
* \columnsep=10.0pt
* \skip\footins=10.0pt plus 4.0pt minus 2.0pt
* \hoffset=0.0pt
* \voffset=0.0pt
* \mag=1000
* \@twocolumnfalse
* \@twosidefalse
* \@mparswitchfalse
* \@reversemarginfalse
* (1in=72.27pt=25.4mm, 1cm=28.453pt)

Package caption Info: Begin \AtBeginDocument code.
Package caption Info: floatflt package is loaded.
Package caption Info: hyperref package is loaded.
Package caption Info: listings package is loaded.
Package caption Info: wrapfig package is loaded.
Package caption Info: End \AtBeginDocument code.
Package hyperref Info: Link coloring ON on input line 182.
(./WS25-ART-Mitschrift.out) (./WS25-ART-Mitschrift.out)
\@outlinefile=\write4
\openout4 = `WS25-ART-Mitschrift.out'.

\c@lstlisting=\count395
LaTeX Font Info:    Trying to load font information for T1+ptm on input line 189.
 (c:/texlive/2024/texmf-dist/tex/latex/psnfss/t1ptm.fd
File: t1ptm.fd 2001/06/04 font definitions for T1/ptm.
) (c:/texlive/2024/texmf-dist/tex/latex/microtype/mt-ptm.cfg
File: mt-ptm.cfg 2006/04/20 v1.7 microtype config. file: Times (RS)
)
LaTeX Font Info:    Font shape `T1/lmss/m/it' in size <14.4> not available
(Font)              Font shape `T1/lmss/m/sl' tried instead on input line 195.
<images/spacetime_curve.png, id=248, 411.78844pt x 372.64218pt>
File: images/spacetime_curve.png Graphic file (type png)
<use images/spacetime_curve.png>
Package pdftex.def Info: images/spacetime_curve.png  used on input line 197.
(pdftex.def)             Requested size: 338.58632pt x 306.39873pt.


[1



{c:/texlive/2024/texmf-var/fonts/map/pdftex/updmap/pdftex.map}{c:/texlive/2024/texmf-dist/fonts/enc/dvips/base/8r.enc}{c:/texlive/2024/texmf-dist/fonts/enc/dvips/lm/lm-ec.enc} <./images/spacetime_curve.png>] (./WS25-ART-Mitschrift.toc
LaTeX Font Info:    Trying to load font information for OT1+lmr on input line 3.
 (c:/texlive/2024/texmf-dist/tex/latex/lm/ot1lmr.fd
File: ot1lmr.fd 2015/05/01 v1.6.1 Font defs for Latin Modern
) (c:/texlive/2024/texmf-dist/tex/latex/microtype/mt-cmr.cfg
File: mt-cmr.cfg 2013/05/19 v2.2 microtype config. file: Computer Modern Roman (RS)
)
LaTeX Font Info:    Font shape `OML/ntxmi/m/it' will be
(Font)              scaled to size 10.95pt on input line 3.
LaTeX Font Info:    Font shape `OML/ntxmi/m/it' will be
(Font)              scaled to size 8.0pt on input line 3.
LaTeX Font Info:    Font shape `OML/ntxmi/m/it' will be
(Font)              scaled to size 6.1pt on input line 3.
LaTeX Font Info:    Font shape `LMS/ntxsy/m/n' will be
(Font)              scaled to size 10.95pt on input line 3.
LaTeX Font Info:    Font shape `LMS/ntxsy/m/n' will be
(Font)              scaled to size 8.0pt on input line 3.
LaTeX Font Info:    Font shape `LMS/ntxsy/m/n' will be
(Font)              scaled to size 6.1pt on input line 3.
LaTeX Font Info:    Font shape `LMX/ntxexx/m/n' will be
(Font)              scaled to size 10.95pt on input line 3.
LaTeX Font Info:    Font shape `LMX/ntxexx/m/n' will be
(Font)              scaled to size 8.0pt on input line 3.
LaTeX Font Info:    Font shape `LMX/ntxexx/m/n' will be
(Font)              scaled to size 6.1pt on input line 3.
LaTeX Font Info:    Trying to load font information for U+ntxmia on input line 3.
 (c:/texlive/2024/texmf-dist/tex/latex/newtx/untxmia.fd
File: untxmia.fd 2024/04/09 Fontinst v1.933 font definitions for U/ntxmia.
)
LaTeX Font Info:    Font shape `U/ntxmia/m/it' will be
(Font)              scaled to size 10.95pt on input line 3.
LaTeX Font Info:    Font shape `U/ntxmia/m/it' will be
(Font)              scaled to size 8.0pt on input line 3.
LaTeX Font Info:    Font shape `U/ntxmia/m/it' will be
(Font)              scaled to size 6.1pt on input line 3.
LaTeX Font Info:    Trying to load font information for U+ntxsym on input line 3.
 (c:/texlive/2024/texmf-dist/tex/latex/newtx/untxsym.fd
File: untxsym.fd 2023/08/16 Fontinst v1.933 font definitions for U/ntxsym.
)
LaTeX Font Info:    Font shape `U/ntxsym/m/n' will be
(Font)              scaled to size 10.95pt on input line 3.
LaTeX Font Info:    Font shape `U/ntxsym/m/n' will be
(Font)              scaled to size 8.0pt on input line 3.
LaTeX Font Info:    Font shape `U/ntxsym/m/n' will be
(Font)              scaled to size 6.1pt on input line 3.
LaTeX Font Info:    Trying to load font information for U+ntxsyc on input line 3.
 (c:/texlive/2024/texmf-dist/tex/latex/newtx/untxsyc.fd
File: untxsyc.fd 2012/04/12 Fontinst v1.933 font definitions for U/ntxsyc.
)
LaTeX Font Info:    Font shape `U/ntxsyc/m/n' will be
(Font)              scaled to size 10.95pt on input line 3.
LaTeX Font Info:    Font shape `U/ntxsyc/m/n' will be
(Font)              scaled to size 8.0pt on input line 3.
LaTeX Font Info:    Font shape `U/ntxsyc/m/n' will be
(Font)              scaled to size 6.1pt on input line 3.
LaTeX Font Info:    Font shape `U/ntxexa/m/n' will be
(Font)              scaled to size 10.95pt on input line 3.
LaTeX Font Info:    Font shape `U/ntxexa/m/n' will be
(Font)              scaled to size 8.0pt on input line 3.
LaTeX Font Info:    Font shape `U/ntxexa/m/n' will be
(Font)              scaled to size 6.1pt on input line 3.



pdfTeX warning (ext4): destination with the same identifier (name{page.i}) has been already used, duplicate ignored
<to be read again> 
                   \relax 
l.28 ...trakte Indexschreibweise}{52}{section.3.8}
                                                  % [1

])
\tf@toc=\write5
\openout5 = `WS25-ART-Mitschrift.toc'.



[2]
LaTeX Font Info:    Trying to load font information for T1+lmtt on input line 206.
 (c:/texlive/2024/texmf-dist/tex/latex/lm/t1lmtt.fd
File: t1lmtt.fd 2015/05/01 v1.6.1 Font defs for Latin Modern
)
Package microtype Info: Loading generic protrusion settings for font family
(microtype)             `lmtt' (encoding: T1).
(microtype)             For optimal results, create family-specific settings.
(microtype)             See the microtype manual for details.

Overfull \hbox (1.047pt too wide) in paragraph at lines 205--207
[][]$\T1/lmtt/m/n/10.95 https : / / forum . fstph . at / t / einf-[]i-[]d-[]allgemeine-[]relativitaetstheorie-[]mitschrift-[]ws2018 /
 []

LaTeX Font Info:    Font shape `T1/lmss/m/it' in size <10.95> not available
(Font)              Font shape `T1/lmss/m/sl' tried instead on input line 211.
LaTeX Font Info:    Font shape `OML/ntxmi/m/it' will be
(Font)              scaled to size 9.0pt on input line 214.
LaTeX Font Info:    Font shape `OML/ntxmi/m/it' will be
(Font)              scaled to size 6.6pt on input line 214.
LaTeX Font Info:    Font shape `OML/ntxmi/m/it' will be
(Font)              scaled to size 5.5pt on input line 214.
LaTeX Font Info:    Font shape `LMS/ntxsy/m/n' will be
(Font)              scaled to size 9.0pt on input line 214.
LaTeX Font Info:    Font shape `LMS/ntxsy/m/n' will be
(Font)              scaled to size 6.6pt on input line 214.
LaTeX Font Info:    Font shape `LMS/ntxsy/m/n' will be
(Font)              scaled to size 5.5pt on input line 214.
LaTeX Font Info:    Font shape `LMX/ntxexx/m/n' will be
(Font)              scaled to size 9.0pt on input line 214.
LaTeX Font Info:    Font shape `LMX/ntxexx/m/n' will be
(Font)              scaled to size 6.6pt on input line 214.
LaTeX Font Info:    Font shape `LMX/ntxexx/m/n' will be
(Font)              scaled to size 5.5pt on input line 214.
LaTeX Font Info:    Font shape `U/ntxmia/m/it' will be
(Font)              scaled to size 9.0pt on input line 214.
LaTeX Font Info:    Font shape `U/ntxmia/m/it' will be
(Font)              scaled to size 6.6pt on input line 214.
LaTeX Font Info:    Font shape `U/ntxmia/m/it' will be
(Font)              scaled to size 5.5pt on input line 214.
LaTeX Font Info:    Font shape `U/ntxsym/m/n' will be
(Font)              scaled to size 9.0pt on input line 214.
LaTeX Font Info:    Font shape `U/ntxsym/m/n' will be
(Font)              scaled to size 6.6pt on input line 214.
LaTeX Font Info:    Font shape `U/ntxsym/m/n' will be
(Font)              scaled to size 5.5pt on input line 214.
LaTeX Font Info:    Font shape `U/ntxsyc/m/n' will be
(Font)              scaled to size 9.0pt on input line 214.
LaTeX Font Info:    Font shape `U/ntxsyc/m/n' will be
(Font)              scaled to size 6.6pt on input line 214.
LaTeX Font Info:    Font shape `U/ntxsyc/m/n' will be
(Font)              scaled to size 5.5pt on input line 214.
LaTeX Font Info:    Font shape `U/ntxexa/m/n' will be
(Font)              scaled to size 9.0pt on input line 214.
LaTeX Font Info:    Font shape `U/ntxexa/m/n' will be
(Font)              scaled to size 6.6pt on input line 214.
LaTeX Font Info:    Font shape `U/ntxexa/m/n' will be
(Font)              scaled to size 5.5pt on input line 214.


[3

]
Kapitel 1.


[1


{c:/texlive/2024/texmf-dist/fonts/enc/dvips/lm/lm-rm.enc}]

[2]
<images/Licht-bsp.jpg, id=357, 829.0975pt x 468.75125pt>
File: images/Licht-bsp.jpg Graphic file (type jpg)
<use images/Licht-bsp.jpg>
Package pdftex.def Info: images/Licht-bsp.jpg  used on input line 344.
(pdftex.def)             Requested size: 145.11053pt x 82.03984pt.

Package floatflt Message: Floating figure 1 set on page 3


[3 <./images/Licht-bsp.jpg>]
<images/Lichtuhr.jpg, id=371, 521.95pt x 282.05376pt>
File: images/Lichtuhr.jpg Graphic file (type jpg)
<use images/Lichtuhr.jpg>
Package pdftex.def Info: images/Lichtuhr.jpg  used on input line 362.
(pdftex.def)             Requested size: 96.73788pt x 52.2738pt.
<images/Lichtuhrdiag.jpg, id=372, 769.87625pt x 277.035pt>
File: images/Lichtuhrdiag.jpg Graphic file (type jpg)
<use images/Lichtuhrdiag.jpg>
Package pdftex.def Info: images/Lichtuhrdiag.jpg  used on input line 370.
(pdftex.def)             Requested size: 145.11053pt x 52.21446pt.
<images/Train.jpg, id=373, 1002.74625pt x 520.94624pt>
File: images/Train.jpg Graphic file (type jpg)
<use images/Train.jpg>
Package pdftex.def Info: images/Train.jpg  used on input line 379.
(pdftex.def)             Requested size: 145.11053pt x 75.38821pt.
<images/Pyth.jpg, id=374, 355.3275pt x 456.70625pt>
File: images/Pyth.jpg Graphic file (type jpg)
<use images/Pyth.jpg>
Package pdftex.def Info: images/Pyth.jpg  used on input line 397.
(pdftex.def)             Requested size: 72.55157pt x 93.24907pt.


[4 <./images/Lichtuhr.jpg> <./images/Lichtuhrdiag.jpg> <./images/Train.jpg> <./images/Pyth.jpg>]
<images/Zug2.jpg, id=386, 903.375pt x 514.92375pt>
File: images/Zug2.jpg Graphic file (type jpg)
<use images/Zug2.jpg>
Package pdftex.def Info: images/Zug2.jpg  used on input line 478.
(pdftex.def)             Requested size: 120.92421pt x 68.92242pt.
<images/Zug3.jpg, id=387, 1055.945pt x 886.31125pt>
File: images/Zug3.jpg Graphic file (type jpg)
<use images/Zug3.jpg>
Package pdftex.def Info: images/Zug3.jpg  used on input line 491.
(pdftex.def)             Requested size: 145.11053pt x 121.79716pt.


[5 <./images/Zug2.jpg> <./images/Zug3.jpg>]
<images/Lorentz.jpg, id=398, 1057.9525pt x 954.56625pt>
File: images/Lorentz.jpg Graphic file (type jpg)
<use images/Lorentz.jpg>
Package pdftex.def Info: images/Lorentz.jpg  used on input line 548.
(pdftex.def)             Requested size: 241.84843pt x 218.2056pt.


[6]
<images/Gleichzeit.jpg, id=404, 308.15125pt x 204.765pt>
File: images/Gleichzeit.jpg Graphic file (type jpg)
<use images/Gleichzeit.jpg>
Package pdftex.def Info: images/Gleichzeit.jpg  used on input line 559.
(pdftex.def)             Requested size: 72.55157pt x 48.21037pt.

Package floatflt Message: Floating figure 2 set on page 7
<images/Periheldrehung.png, id=405, 323.70938pt x 262.73157pt>
File: images/Periheldrehung.png Graphic file (type png)
<use images/Periheldrehung.png>
Package pdftex.def Info: images/Periheldrehung.png  used on input line 588.
(pdftex.def)             Requested size: 193.47578pt x 157.03078pt.
<images/Lichtablenkung.png, id=407, 231.11343pt x 231.11343pt>
File: images/Lichtablenkung.png Graphic file (type png)
<use images/Lichtablenkung.png>
Package pdftex.def Info: images/Lichtablenkung.png  used on input line 595.
(pdftex.def)             Requested size: 145.11053pt x 145.11205pt.


[7 <./images/Lorentz.jpg> <./images/Gleichzeit.jpg>]
<images/Gerade.jpg, id=418, 396.48125pt x 384.43625pt>
File: images/Gerade.jpg Graphic file (type jpg)
<use images/Gerade.jpg>
Package pdftex.def Info: images/Gerade.jpg  used on input line 625.
(pdftex.def)             Requested size: 96.73788pt x 93.7976pt.


[8 <./images/Periheldrehung.png> <./images/Lichtablenkung.png>]
<images/Parallel.jpg, id=429, 866.23625pt x 868.24374pt>
File: images/Parallel.jpg Graphic file (type jpg)
<use images/Parallel.jpg>
Package pdftex.def Info: images/Parallel.jpg  used on input line 634.
(pdftex.def)             Requested size: 96.73788pt x 96.95117pt.
<images/Parallelversch.jpg, id=430, 896.34875pt x 864.22874pt>
File: images/Parallelversch.jpg Graphic file (type jpg)
<use images/Parallelversch.jpg>
Package pdftex.def Info: images/Parallelversch.jpg  used on input line 645.
(pdftex.def)             Requested size: 193.47578pt x 186.53084pt.


[9 <./images/Gerade.jpg> <./images/Parallel.jpg> <./images/Parallelversch.jpg>]
<images/Einstnew.jpg, id=440, 1229.59375pt x 924.45375pt>
File: images/Einstnew.jpg Graphic file (type jpg)
<use images/Einstnew.jpg>
Package pdftex.def Info: images/Einstnew.jpg  used on input line 660.
(pdftex.def)             Requested size: 386.95897pt x 290.93646pt.


[10 <./images/Einstnew.jpg>]
<images/equivalence1.jpg, id=450, 139.3205pt x 81.5045pt>
File: images/equivalence1.jpg Graphic file (type jpg)
<use images/equivalence1.jpg>
Package pdftex.def Info: images/equivalence1.jpg  used on input line 692.
(pdftex.def)             Requested size: 241.84843pt x 141.49207pt.


[11 <./images/equivalence1.jpg>]
<images/spacetime.png, id=458, 459.96844pt x 462.97969pt>
File: images/spacetime.png Graphic file (type png)
<use images/spacetime.png>
Package pdftex.def Info: images/spacetime.png  used on input line 711.
(pdftex.def)             Requested size: 193.47578pt x 194.74684pt.
<images/2d curve.png, id=460, 1290.32062pt x 862.72313pt>
File: images/2d curve.png Graphic file (type png)
<use images/2d curve.png>
Package pdftex.def Info: images/2d curve.png  used on input line 718.
(pdftex.def)             Requested size: 386.95897pt x 258.71362pt.


[12 <./images/spacetime.png> <./images/2d curve.png>]
Kapitel 2.
<images/Minkow.jpg, id=472, 533.995pt x 462.72874pt>
File: images/Minkow.jpg Graphic file (type jpg)
<use images/Minkow.jpg>
Package pdftex.def Info: images/Minkow.jpg  used on input line 740.
(pdftex.def)             Requested size: 145.11053pt x 125.74335pt.


[13

 <./images/Minkow.jpg>]
<images/Min1.jpg, id=479, 1803.73875pt x 816.04875pt>
File: images/Min1.jpg Graphic file (type jpg)
<use images/Min1.jpg>
Package pdftex.def Info: images/Min1.jpg  used on input line 753.
(pdftex.def)             Requested size: 435.32422pt x 196.93901pt.
<images/Kegel.jpg, id=480, 1664.2175pt x 710.655pt>
File: images/Kegel.jpg Graphic file (type jpg)
<use images/Kegel.jpg>
Package pdftex.def Info: images/Kegel.jpg  used on input line 761.
(pdftex.def)             Requested size: 435.32422pt x 185.89368pt.


[14 <./images/Min1.jpg> <./images/Kegel.jpg>]
<images/Lichtkegel.jpg, id=487, 1654.18pt x 743.77875pt>
File: images/Lichtkegel.jpg Graphic file (type jpg)
<use images/Lichtkegel.jpg>
Package pdftex.def Info: images/Lichtkegel.jpg  used on input line 772.
(pdftex.def)             Requested size: 435.32422pt x 195.73853pt.
<images/Lichtkeg2d.jpg, id=488, 1468.48625pt x 656.4525pt>
File: images/Lichtkeg2d.jpg Graphic file (type jpg)
<use images/Lichtkeg2d.jpg>
Package pdftex.def Info: images/Lichtkeg2d.jpg  used on input line 779.
(pdftex.def)             Requested size: 435.32422pt x 194.59337pt.
LaTeX Font Info:    Trying to load font information for TS1+lmss on input line 787.
 (c:/texlive/2024/texmf-dist/tex/latex/lm/ts1lmss.fd
File: ts1lmss.fd 2015/05/01 v1.6.1 Font defs for Latin Modern
)
Package microtype Info: Loading generic protrusion settings for font family
(microtype)             `lmss' (encoding: TS1).
(microtype)             For optimal results, create family-specific settings.
(microtype)             See the microtype manual for details.


[15 <./images/Lichtkegel.jpg> <./images/Lichtkeg2d.jpg>]
<images/Stab.jpg, id=500, 390.45876pt x 186.6975pt>
File: images/Stab.jpg Graphic file (type jpg)
<use images/Stab.jpg>
Package pdftex.def Info: images/Stab.jpg  used on input line 794.
(pdftex.def)             Requested size: 96.73788pt x 46.25548pt.
<images/Lorentztrafo.jpg, id=501, 1415.2875pt x 752.8125pt>
File: images/Lorentztrafo.jpg Graphic file (type jpg)
<use images/Lorentztrafo.jpg>
Package pdftex.def Info: images/Lorentztrafo.jpg  used on input line 801.
(pdftex.def)             Requested size: 435.32422pt x 231.55452pt.
<images/Lorentztrafo2.jpg, id=503, 1370.11874pt x 835.12pt>
File: images/Lorentztrafo2.jpg Graphic file (type jpg)
<use images/Lorentztrafo2.jpg>
Package pdftex.def Info: images/Lorentztrafo2.jpg  used on input line 817.
(pdftex.def)             Requested size: 338.58632pt x 206.37108pt.


[16{c:/texlive/2024/texmf-dist/fonts/enc/dvips/lm/lm-ts1.enc} <./images/Stab.jpg> <./images/Lorentztrafo.jpg>]
<images/Zeitdilatation.jpg, id=519, 1432.35126pt x 1027.84pt>
File: images/Zeitdilatation.jpg Graphic file (type jpg)
<use images/Zeitdilatation.jpg>
Package pdftex.def Info: images/Zeitdilatation.jpg  used on input line 826.
(pdftex.def)             Requested size: 338.58632pt x 242.95395pt.
<images/Längenkont.jpg, id=520, 1176.395pt x 814.04124pt>
File: images/Längenkont.jpg Graphic file (type jpg)
<use images/Längenkont.jpg>
Package pdftex.def Info: images/Längenkont.jpg  used on input line 834.
(pdftex.def)             Requested size: 338.58632pt x 234.28967pt.


[17 <./images/Lorentztrafo2.jpg> <./images/Zeitdilatation.jpg>]

[18 <./images/Längenkont.jpg>]
Underfull \hbox (badness 10000) in paragraph at lines 897--898

 []



[19]

[20]
Overfull \hbox (23.18239pt too wide) detected at line 1130
[] [] [] []
 []



[21]

[22]
<images/FindK.jpg, id=567, 1478.52374pt x 889.3225pt>
File: images/FindK.jpg Graphic file (type jpg)
<use images/FindK.jpg>
Package pdftex.def Info: images/FindK.jpg  used on input line 1235.
(pdftex.def)             Requested size: 338.58632pt x 203.65782pt.


[23]

[24 <./images/FindK.jpg>]

[25]
<images/Abstandart.jpg, id=590, 919.435pt x 494.84875pt>
File: images/Abstandart.jpg Graphic file (type jpg)
<use images/Abstandart.jpg>
Package pdftex.def Info: images/Abstandart.jpg  used on input line 1379.
(pdftex.def)             Requested size: 290.22107pt x 156.20287pt.


[26 <./images/Abstandart.jpg>]
Kapitel 3.


[27

]

[28]

[29]
Underfull \hbox (badness 10000) in paragraph at lines 1584--1585

 []


Underfull \hbox (badness 10000) in paragraph at lines 1616--1618

 []



[30]
Underfull \hbox (badness 10000) in paragraph at lines 1664--1666

 []


Underfull \hbox (badness 10000) in paragraph at lines 1676--1678

 []



[31]
Underfull \hbox (badness 10000) in paragraph at lines 1729--1730

 []



[32]
Underfull \hbox (badness 10000) in paragraph at lines 1758--1759

 []

<images/Kette.jpg, id=655, 584.1825pt x 411.5375pt>
File: images/Kette.jpg Graphic file (type jpg)
<use images/Kette.jpg>
Package pdftex.def Info: images/Kette.jpg  used on input line 1772.
(pdftex.def)             Requested size: 120.92421pt x 85.18207pt.
LaTeX Font Info:    Font shape `OML/ntxmi/m/it' will be
(Font)              scaled to size 10.0pt on input line 1773.
LaTeX Font Info:    Font shape `OML/ntxmi/m/it' will be
(Font)              scaled to size 7.3pt on input line 1773.
LaTeX Font Info:    Font shape `LMS/ntxsy/m/n' will be
(Font)              scaled to size 10.0pt on input line 1773.
LaTeX Font Info:    Font shape `LMS/ntxsy/m/n' will be
(Font)              scaled to size 7.3pt on input line 1773.
LaTeX Font Info:    Font shape `LMX/ntxexx/m/n' will be
(Font)              scaled to size 10.0pt on input line 1773.
LaTeX Font Info:    Font shape `LMX/ntxexx/m/n' will be
(Font)              scaled to size 7.3pt on input line 1773.
LaTeX Font Info:    Font shape `U/ntxmia/m/it' will be
(Font)              scaled to size 10.0pt on input line 1773.
LaTeX Font Info:    Font shape `U/ntxmia/m/it' will be
(Font)              scaled to size 7.3pt on input line 1773.
LaTeX Font Info:    Font shape `U/ntxsym/m/n' will be
(Font)              scaled to size 10.0pt on input line 1773.
LaTeX Font Info:    Font shape `U/ntxsym/m/n' will be
(Font)              scaled to size 7.3pt on input line 1773.
LaTeX Font Info:    Font shape `U/ntxsyc/m/n' will be
(Font)              scaled to size 10.0pt on input line 1773.
LaTeX Font Info:    Font shape `U/ntxsyc/m/n' will be
(Font)              scaled to size 7.3pt on input line 1773.
LaTeX Font Info:    Font shape `U/ntxexa/m/n' will be
(Font)              scaled to size 10.0pt on input line 1773.
LaTeX Font Info:    Font shape `U/ntxexa/m/n' will be
(Font)              scaled to size 7.3pt on input line 1773.


[33 <./images/Kette.jpg>]

[34]

[35]

[36]
Underfull \hbox (badness 10000) in paragraph at lines 2018--2019

 []


Underfull \hbox (badness 10000) in paragraph at lines 2057--2059

 []


Underfull \hbox (badness 10000) in paragraph at lines 2061--2063

 []



[37]

[38]
Overfull \hbox (19.15869pt too wide) detected at line 2156
[]
 []


Overfull \hbox (1.02382pt too wide) detected at line 2171
[]
 []


Overfull \hbox (2.46194pt too wide) detected at line 2216
[]
 []



[39]

[40]
Underfull \hbox (badness 10000) in paragraph at lines 2316--2318

 []



[41]
Underfull \hbox (badness 10000) in paragraph at lines 2327--2329

 []


Overfull \hbox (25.81425pt too wide) detected at line 2383
[]
 []



[42]

[43]
Underfull \hbox (badness 10000) in paragraph at lines 2477--2479

 []


Underfull \hbox (badness 10000) in paragraph at lines 2488--2490

 []



[44]
<images/Bidualraum1.jpg, id=944, 507.8975pt x 325.215pt>
File: images/Bidualraum1.jpg Graphic file (type jpg)
<use images/Bidualraum1.jpg>
Package pdftex.def Info: images/Bidualraum1.jpg  used on input line 2510.
(pdftex.def)             Requested size: 145.11053pt x 92.9155pt.
<images/Bidualraum.jpg, id=945, 823.075pt x 259.97125pt>
File: images/Bidualraum.jpg Graphic file (type jpg)
<use images/Bidualraum.jpg>
Package pdftex.def Info: images/Bidualraum.jpg  used on input line 2528.
(pdftex.def)             Requested size: 241.84843pt x 76.38937pt.

Underfull \hbox (badness 10000) in paragraph at lines 2535--2537

 []



[45 <./images/Bidualraum1.jpg> <./images/Bidualraum.jpg>]

[46]

[47]
Underfull \hbox (badness 10000) in paragraph at lines 2723--2724

 []



[48]

[49]

[50]

[51]
Underfull \hbox (badness 10000) in paragraph at lines 2994--2995

 []



[52]
Underfull \hbox (badness 10000) in paragraph at lines 3026--3027

 []



[53]

[54]

[55]

[56]
Underfull \hbox (badness 10000) in paragraph at lines 3309--3310

 []



[57]
Kapitel 4.

Underfull \hbox (badness 10000) in paragraph at lines 3339--3340

 []


Underfull \hbox (badness 10000) in paragraph at lines 3378--3379

 []



[58

]
Underfull \hbox (badness 10000) in paragraph at lines 3426--3427

 []

<images/Grob_fein.jpg, id=1154, 1157.32375pt x 627.34375pt>
File: images/Grob_fein.jpg Graphic file (type jpg)
<use images/Grob_fein.jpg>
Package pdftex.def Info: images/Grob_fein.jpg  used on input line 3431.
(pdftex.def)             Requested size: 241.84843pt x 131.09514pt.

Underfull \hbox (badness 10000) in paragraph at lines 3439--3440

 []



[59]
Underfull \hbox (badness 10000) in paragraph at lines 3448--3449

 []

<images/Konvergieren.jpg, id=1163, 881.2925pt x 456.70625pt>
File: images/Konvergieren.jpg Graphic file (type jpg)
<use images/Konvergieren.jpg>
Package pdftex.def Info: images/Konvergieren.jpg  used on input line 3482.
(pdftex.def)             Requested size: 145.11053pt x 75.19995pt.


[60 <./images/Grob_fein.jpg>]

[61 <./images/Konvergieren.jpg>]
<images/stetig.jpg, id=1180, 723.70375pt x 350.30875pt>
File: images/stetig.jpg Graphic file (type jpg)
<use images/stetig.jpg>
Package pdftex.def Info: images/stetig.jpg  used on input line 3560.
(pdftex.def)             Requested size: 145.11053pt x 70.2369pt.


[62 <./images/Stetig.jpg>]
<images/Konstant.jpg, id=1191, 696.6025pt x 278.03876pt>
File: images/Konstant.jpg Graphic file (type jpg)
<use images/Konstant.jpg>
Package pdftex.def Info: images/Konstant.jpg  used on input line 3609.
(pdftex.def)             Requested size: 145.11053pt x 57.91893pt.
<images/Zusammensetzung.jpg, id=1192, 1294.8375pt x 384.43625pt>
File: images/Zusammensetzung.jpg Graphic file (type jpg)
<use images/Zusammensetzung.jpg>
Package pdftex.def Info: images/Zusammensetzung.jpg  used on input line 3653.
(pdftex.def)             Requested size: 241.84843pt x 71.80005pt.


[63 <./images/Konstant.jpg> <./images/Zusammensetzung.jpg>]

[64]

[65]
<images/Einbettung.jpg, id=1211, 495.8525pt x 308.15125pt>
File: images/Einbettung.jpg Graphic file (type jpg)
<use images/Einbettung.jpg>
Package pdftex.def Info: images/Einbettung.jpg  used on input line 3849.
(pdftex.def)             Requested size: 72.55157pt x 45.0875pt.


[66 <./images/Einbettung.jpg>]
<images/donut.jpg, id=1219, 1144.275pt x 905.3825pt>
File: images/donut.jpg Graphic file (type jpg)
<use images/donut.jpg>
Package pdftex.def Info: images/donut.jpg  used on input line 3904.
(pdftex.def)             Requested size: 145.11053pt x 114.8027pt.
<images/Homöomorph.jpg, id=1220, 1244.65pt x 764.8575pt>
File: images/Homöomorph.jpg Graphic file (type jpg)
<use images/Homöomorph.jpg>
Package pdftex.def Info: images/Homöomorph.jpg  used on input line 3918.
(pdftex.def)             Requested size: 241.84843pt x 148.61559pt.

Underfull \hbox (badness 10000) in paragraph at lines 3922--3923

 []



[67 <./images/donut.jpg>]
Overfull \hbox (7.70218pt too wide) in paragraph at lines 3974--3977
[][]$\T1/lmtt/m/n/9 https : / / www . tuwien . at / index . php ? eID = dumpFile & t = f & f = 204097 & token = 564fbc343ac3892d97b2713d52d540fd084e8ca5$[][] 
 []



[68 <./images/Homöomorph.jpg>]
<images/T0.jpg, id=1244, 1223.57124pt x 297.11pt>
File: images/T0.jpg Graphic file (type jpg)
<use images/T0.jpg>
Package pdftex.def Info: images/T0.jpg  used on input line 3993.
(pdftex.def)             Requested size: 241.84843pt x 58.72278pt.
<images/T1.jpg, id=1245, 579.16376pt x 316.18124pt>
File: images/T1.jpg Graphic file (type jpg)
<use images/T1.jpg>
Package pdftex.def Info: images/T1.jpg  used on input line 4012.
(pdftex.def)             Requested size: 120.92421pt x 66.01405pt.
<images/NotT1.jpg, id=1246, 322.20375pt x 217.81375pt>
File: images/NotT1.jpg Graphic file (type jpg)
<use images/NotT1.jpg>
Package pdftex.def Info: images/NotT1.jpg  used on input line 4028.
(pdftex.def)             Requested size: 96.73788pt x 65.39447pt.


[69 <./images/T0.jpg> <./images/T1.jpg> <./images/NotT1.jpg>]
<images/Abgeschlossen.jpg, id=1259, 557.08125pt x 395.4775pt>
File: images/Abgeschlossen.jpg Graphic file (type jpg)
<use images/Abgeschlossen.jpg>
Package pdftex.def Info: images/Abgeschlossen.jpg  used on input line 4067.
(pdftex.def)             Requested size: 96.73788pt x 68.67252pt.
<images/T2.jpg, id=1260, 758.835pt x 325.215pt>
File: images/T2.jpg Graphic file (type jpg)
<use images/T2.jpg>
Package pdftex.def Info: images/T2.jpg  used on input line 4107.
(pdftex.def)             Requested size: 145.11053pt x 62.18848pt.
File: images/T1.jpg Graphic file (type jpg)
<use images/T1.jpg>
Package pdftex.def Info: images/T1.jpg  used on input line 4121.
(pdftex.def)             Requested size: 96.73788pt x 52.80931pt.


[70 <./images/Abgeschlossen.jpg> <./images/T2.jpg>]
<images/Eindeutiggw.jpg, id=1268, 898.35625pt x 555.07375pt>
File: images/Eindeutiggw.jpg Graphic file (type jpg)
<use images/Eindeutiggw.jpg>
Package pdftex.def Info: images/Eindeutiggw.jpg  used on input line 4145.
(pdftex.def)             Requested size: 120.92421pt x 74.7115pt.
<images/T3.jpg, id=1269, 865.2325pt x 342.27875pt>
File: images/T3.jpg Graphic file (type jpg)
<use images/T3.jpg>
Package pdftex.def Info: images/T3.jpg  used on input line 4176.
(pdftex.def)             Requested size: 145.11053pt x 57.4032pt.
<images/T4.jpg, id=1270, 909.3975pt x 386.44376pt>
File: images/T4.jpg Graphic file (type jpg)
<use images/T4.jpg>
Package pdftex.def Info: images/T4.jpg  used on input line 4194.
(pdftex.def)             Requested size: 145.11053pt x 61.66125pt.


[71 <./images/Eindeutiggw.jpg> <./images/T3.jpg>]

[72 <./images/T4.jpg>]

[73]
Kapitel 5.


[74

]
Kapitel 6.


[75

]

[76


] (./WS25-ART-Mitschrift.aux)
 ***********
LaTeX2e <2024-11-01> patch level 1
L3 programming layer <2024-12-25>
 ***********
Package rerunfilecheck Info: File `WS25-ART-Mitschrift.out' has not changed.
(rerunfilecheck)             Checksum: 6DF32F84E29503E111B92D6214CAD9FC;10272.
 ) 
Here is how much of TeX's memory you used:
 44141 strings out of 473218
 899569 string characters out of 5721089
 1289771 words of memory out of 5000000
 66017 multiletter control sequences out of 15000+600000
 714228 words of font info for 342 fonts, out of 8000000 for 9000
 1141 hyphenation exceptions out of 8191
 102i,22n,117p,1088b,1458s stack positions out of 10000i,1000n,20000p,200000b,200000s
<c:/texlive/2024/texmf-dist/fonts/type1/public/newtx/NewTXMI.pfb><c:/texlive/2024/texmf-dist/fonts/type1/public/newtx/NewTXMI5.pfb><c:/texlive/2024/texmf-dist/fonts/type1/public/newtx/NewTXMI7.pfb><c:/texlive/2024/texmf-dist/fonts/type1/public/amsfonts/latxfont/line10.pfb><c:/texlive/2024/texmf-dist/fonts/type1/public/lm/lmr10.pfb><c:/texlive/2024/texmf-dist/fonts/type1/public/lm/lmr6.pfb><c:/texlive/2024/texmf-dist/fonts/type1/public/lm/lmr8.pfb><c:/texlive/2024/texmf-dist/fonts/type1/public/lm/lmss10.pfb><c:/texlive/2024/texmf-dist/fonts/type1/public/lm/lmss12.pfb><c:/texlive/2024/texmf-dist/fonts/type1/public/lm/lmss17.pfb><c:/texlive/2024/texmf-dist/fonts/type1/public/lm/lmss8.pfb><c:/texlive/2024/texmf-dist/fonts/type1/public/lm/lmss9.pfb><c:/texlive/2024/texmf-dist/fonts/type1/public/lm/lmssbx10.pfb><c:/texlive/2024/texmf-dist/fonts/type1/public/lm/lmsso10.pfb><c:/texlive/2024/texmf-dist/fonts/type1/public/lm/lmsso12.pfb><c:/texlive/2024/texmf-dist/fonts/type1/public/lm/lmtt10.pfb><c:/texlive/2024/texmf-dist/fonts/type1/public/lm/lmtt9.pfb><c:/texlive/2024/texmf-dist/fonts/type1/public/newtx/txexas.pfb><c:/texlive/2024/texmf-dist/fonts/type1/public/newtx/txexs.pfb><c:/texlive/2024/texmf-dist/fonts/type1/public/newtx/txmiaX.pfb><c:/texlive/2024/texmf-dist/fonts/type1/public/txfonts/txsyc.pfb><c:/texlive/2024/texmf-dist/fonts/type1/public/newtx/txsym.pfb><c:/texlive/2024/texmf-dist/fonts/type1/public/newtx/txsys.pfb><c:/texlive/2024/texmf-dist/fonts/type1/urw/times/utmb8a.pfb>
Output written on WS25-ART-Mitschrift.pdf (80 pages, 8982365 bytes).
PDF statistics:
 1501 PDF objects out of 1728 (max. 8388607)
 1071 compressed objects within 11 object streams
 374 named destinations out of 1000 (max. 500000)
 66351 words of extra memory for PDF output out of 74296 (max. 10000000)

